  [1m[35m (140.3ms)[0m  [1m[35mCREATE DATABASE "re_me_app_development" ENCODING = 'unicode'[0m
  [1m[35m (74.2ms)[0m  [1m[35mCREATE DATABASE "re_me_app_test" ENCODING = 'unicode'[0m
  [1m[35m (17.1ms)[0m  [1m[35mCREATE TABLE "schema_migrations" ("version" character varying NOT NULL PRIMARY KEY)[0m
  [1m[35m (3.8ms)[0m  [1m[35mCREATE TABLE "ar_internal_metadata" ("key" character varying NOT NULL PRIMARY KEY, "value" character varying, "created_at" timestamp(6) NOT NULL, "updated_at" timestamp(6) NOT NULL)[0m
  [1m[35m (0.1ms)[0m  [1m[34mSELECT pg_try_advisory_lock(523066883715170655)[0m
  [1m[36mActiveRecord::SchemaMigration Load (0.6ms)[0m  [1m[34mSELECT "schema_migrations"."version" FROM "schema_migrations" ORDER BY "schema_migrations"."version" ASC[0m
  [1m[36mActiveRecord::InternalMetadata Load (2.4ms)[0m  [1m[34mSELECT * FROM "ar_internal_metadata" WHERE "ar_internal_metadata"."key" = $1 ORDER BY "ar_internal_metadata"."key" ASC LIMIT 1[0m  [[nil, "environment"]]
  [1m[36mActiveRecord::InternalMetadata Create (1.3ms)[0m  [1m[32mINSERT INTO "ar_internal_metadata" ("key", "value", "created_at", "updated_at") VALUES ('environment', 'development', '2025-07-04 11:57:48.480246', '2025-07-04 11:57:48.480248') RETURNING "key"[0m
Migrating to CreateGoodMemories (20250704115728)
  [1m[36mTRANSACTION (0.1ms)[0m  [1m[35mBEGIN[0m
  [1m[35m (6.7ms)[0m  [1m[35mCREATE TABLE "good_memories" ("id" bigserial primary key, "content" text, "date" date, "mood" integer, "created_at" timestamp(6) NOT NULL, "updated_at" timestamp(6) NOT NULL)[0m
  [1m[36mActiveRecord::SchemaMigration Create (0.3ms)[0m  [1m[32mINSERT INTO "schema_migrations" ("version") VALUES ('20250704115728') RETURNING "version"[0m
  [1m[36mTRANSACTION (0.2ms)[0m  [1m[35mCOMMIT[0m
  [1m[35m (0.3ms)[0m  [1m[34mSELECT pg_advisory_unlock(523066883715170655)[0m
  [1m[36mActiveRecord::SchemaMigration Load (0.2ms)[0m  [1m[34mSELECT "schema_migrations"."version" FROM "schema_migrations" ORDER BY "schema_migrations"."version" ASC[0m
  [1m[36mActiveRecord::SchemaMigration Load (1.1ms)[0m  [1m[34mSELECT "schema_migrations"."version" FROM "schema_migrations" ORDER BY "schema_migrations"."version" ASC[0m
  [1m[36mActiveRecord::SchemaMigration Load (1.0ms)[0m  [1m[34mSELECT "schema_migrations"."version" FROM "schema_migrations" ORDER BY "schema_migrations"."version" ASC[0m
  [1m[36mActiveRecord::SchemaMigration Load (1.1ms)[0m  [1m[34mSELECT "schema_migrations"."version" FROM "schema_migrations" ORDER BY "schema_migrations"."version" ASC[0m
  [1m[36mActiveRecord::SchemaMigration Load (1.1ms)[0m  [1m[34mSELECT "schema_migrations"."version" FROM "schema_migrations" ORDER BY "schema_migrations"."version" ASC[0m
  [1m[36mActiveRecord::SchemaMigration Load (1.0ms)[0m  [1m[34mSELECT "schema_migrations"."version" FROM "schema_migrations" ORDER BY "schema_migrations"."version" ASC[0m
  [1m[36mTRANSACTION (0.1ms)[0m  [1m[35mBEGIN[0m
  [1m[36mGoodMemory Create (1.5ms)[0m  [1m[32mINSERT INTO "good_memories" ("content", "date", "mood", "created_at", "updated_at") VALUES ($1, $2, $3, $4, $5) RETURNING "id"[0m  [["content", "å®¶æ—ã¨ç¬‘é¡”ã§éŽã”ã›ãŸä¸€æ—¥ã§ã—ãŸã€‚å¤•é£Ÿã®æ™‚é–“ãŒç‰¹ã«æ¥½ã—ã‹ã£ãŸã§ã™ã€‚"], ["date", "2025-07-04"], ["mood", 5], ["created_at", "2025-07-04 12:02:55.295066"], ["updated_at", "2025-07-04 12:02:55.295066"]]
  [1m[36mTRANSACTION (0.2ms)[0m  [1m[35mCOMMIT[0m
  [1m[36mTRANSACTION (0.0ms)[0m  [1m[35mBEGIN[0m
  [1m[36mGoodMemory Create (0.6ms)[0m  [1m[32mINSERT INTO "good_memories" ("content", "date", "mood", "created_at", "updated_at") VALUES ($1, $2, $3, $4, $5) RETURNING "id"[0m  [["content", "å‹é”ã¨é›»è©±ã§è©±ã—ã¦ã€ä¹…ã—ã¶ã‚Šã«ç¬‘ã„åˆãˆã¾ã—ãŸã€‚"], ["date", "2025-07-03"], ["mood", 4], ["created_at", "2025-07-04 12:02:55.297916"], ["updated_at", "2025-07-04 12:02:55.297916"]]
  [1m[36mTRANSACTION (0.1ms)[0m  [1m[35mCOMMIT[0m
  [1m[36mTRANSACTION (0.0ms)[0m  [1m[35mBEGIN[0m
  [1m[36mGoodMemory Create (0.5ms)[0m  [1m[32mINSERT INTO "good_memories" ("content", "date", "mood", "created_at", "updated_at") VALUES ($1, $2, $3, $4, $5) RETURNING "id"[0m  [["content", "éŸ³æ¥½ã‚’è´ããªãŒã‚‰ã€ãƒªãƒ©ãƒƒã‚¯ã‚¹ã—ãŸæ™‚é–“ã‚’éŽã”ã›ã¾ã—ãŸã€‚"], ["date", "2025-07-02"], ["mood", 2], ["created_at", "2025-07-04 12:02:55.299198"], ["updated_at", "2025-07-04 12:02:55.299198"]]
  [1m[36mTRANSACTION (0.1ms)[0m  [1m[35mCOMMIT[0m
  [1m[36mTRANSACTION (0.0ms)[0m  [1m[35mBEGIN[0m
  [1m[36mGoodMemory Create (0.6ms)[0m  [1m[32mINSERT INTO "good_memories" ("content", "date", "mood", "created_at", "updated_at") VALUES ($1, $2, $3, $4, $5) RETURNING "id"[0m  [["content", "å¤©æ°—ãŒè‰¯ãã¦ã€æ•£æ­©ãŒæ°—æŒã¡ã‚ˆã‹ã£ãŸã§ã™ã€‚"], ["date", "2025-07-01"], ["mood", 4], ["created_at", "2025-07-04 12:02:55.300646"], ["updated_at", "2025-07-04 12:02:55.300646"]]
  [1m[36mTRANSACTION (0.2ms)[0m  [1m[35mCOMMIT[0m
  [1m[36mTRANSACTION (0.0ms)[0m  [1m[35mBEGIN[0m
  [1m[36mGoodMemory Create (0.5ms)[0m  [1m[32mINSERT INTO "good_memories" ("content", "date", "mood", "created_at", "updated_at") VALUES ($1, $2, $3, $4, $5) RETURNING "id"[0m  [["content", "å‹é”ã‹ã‚‰ç´ æ•µãªãƒ—ãƒ¬ã‚¼ãƒ³ãƒˆã‚’ã‚‚ã‚‰ã„ã¾ã—ãŸã€‚"], ["date", "2025-06-30"], ["mood", 5], ["created_at", "2025-07-04 12:02:55.302024"], ["updated_at", "2025-07-04 12:02:55.302024"]]
  [1m[36mTRANSACTION (0.1ms)[0m  [1m[35mCOMMIT[0m
  [1m[36mTRANSACTION (0.0ms)[0m  [1m[35mBEGIN[0m
  [1m[36mGoodMemory Create (0.3ms)[0m  [1m[32mINSERT INTO "good_memories" ("content", "date", "mood", "created_at", "updated_at") VALUES ($1, $2, $3, $4, $5) RETURNING "id"[0m  [["content", "æœã®æ•£æ­©ã§ã€ãã‚Œã„ãªèŠ±ã‚’è¦‹ã¤ã‘ã¾ã—ãŸã€‚"], ["date", "2025-06-29"], ["mood", 3], ["created_at", "2025-07-04 12:02:55.303646"], ["updated_at", "2025-07-04 12:02:55.303646"]]
  [1m[36mTRANSACTION (0.2ms)[0m  [1m[35mCOMMIT[0m
  [1m[36mTRANSACTION (0.1ms)[0m  [1m[35mBEGIN[0m
  [1m[36mGoodMemory Create (0.4ms)[0m  [1m[32mINSERT INTO "good_memories" ("content", "date", "mood", "created_at", "updated_at") VALUES ($1, $2, $3, $4, $5) RETURNING "id"[0m  [["content", "ç¾Žå‘³ã—ã„ãŠèŒ¶ã‚’é£²ã¿ãªãŒã‚‰ã€ã‚†ã£ãã‚Šã¨ã—ãŸæ™‚é–“ã‚’éŽã”ã›ã¾ã—ãŸã€‚"], ["date", "2025-06-28"], ["mood", 4], ["created_at", "2025-07-04 12:02:55.304652"], ["updated_at", "2025-07-04 12:02:55.304652"]]
  [1m[36mTRANSACTION (0.2ms)[0m  [1m[35mCOMMIT[0m
  [1m[36mTRANSACTION (0.0ms)[0m  [1m[35mBEGIN[0m
  [1m[36mGoodMemory Create (0.4ms)[0m  [1m[32mINSERT INTO "good_memories" ("content", "date", "mood", "created_at", "updated_at") VALUES ($1, $2, $3, $4, $5) RETURNING "id"[0m  [["content", "ãŠæ°—ã«å…¥ã‚Šã®ãƒ‰ãƒ©ãƒžã‚’è¦‹ã¦ã€æ„Ÿå‹•ã—ã¾ã—ãŸã€‚"], ["date", "2025-06-27"], ["mood", 4], ["created_at", "2025-07-04 12:02:55.305733"], ["updated_at", "2025-07-04 12:02:55.305733"]]
  [1m[36mTRANSACTION (0.1ms)[0m  [1m[35mCOMMIT[0m
  [1m[36mTRANSACTION (0.0ms)[0m  [1m[35mBEGIN[0m
  [1m[36mGoodMemory Create (0.5ms)[0m  [1m[32mINSERT INTO "good_memories" ("content", "date", "mood", "created_at", "updated_at") VALUES ($1, $2, $3, $4, $5) RETURNING "id"[0m  [["content", "å®¶æ—ã¨ä¸€ç·’ã«æ˜ ç”»ã‚’è¦‹ã¦ã€æ¥½ã—ã„æ™‚é–“ã‚’éŽã”ã—ã¾ã—ãŸã€‚"], ["date", "2025-06-26"], ["mood", 3], ["created_at", "2025-07-04 12:02:55.306804"], ["updated_at", "2025-07-04 12:02:55.306804"]]
  [1m[36mTRANSACTION (0.1ms)[0m  [1m[35mCOMMIT[0m
  [1m[36mTRANSACTION (0.0ms)[0m  [1m[35mBEGIN[0m
  [1m[36mGoodMemory Create (0.6ms)[0m  [1m[32mINSERT INTO "good_memories" ("content", "date", "mood", "created_at", "updated_at") VALUES ($1, $2, $3, $4, $5) RETURNING "id"[0m  [["content", "ãŠæ°—ã«å…¥ã‚Šã®éŸ³æ¥½ã‚’è´ã„ã¦ã€å¿ƒãŒç™’ã•ã‚Œã¾ã—ãŸã€‚"], ["date", "2025-06-25"], ["mood", 2], ["created_at", "2025-07-04 12:02:55.307967"], ["updated_at", "2025-07-04 12:02:55.307967"]]
  [1m[36mTRANSACTION (0.2ms)[0m  [1m[35mCOMMIT[0m
  [1m[36mTRANSACTION (0.0ms)[0m  [1m[35mBEGIN[0m
  [1m[36mGoodMemory Create (0.5ms)[0m  [1m[32mINSERT INTO "good_memories" ("content", "date", "mood", "created_at", "updated_at") VALUES ($1, $2, $3, $4, $5) RETURNING "id"[0m  [["content", "æ–°ã—ã„ãŠåº—ã‚’ç™ºè¦‹ã—ã¦ã€ç¾Žå‘³ã—ã„æ–™ç†ã‚’é£Ÿã¹ã¾ã—ãŸã€‚"], ["date", "2025-06-24"], ["mood", 3], ["created_at", "2025-07-04 12:02:55.309358"], ["updated_at", "2025-07-04 12:02:55.309358"]]
  [1m[36mTRANSACTION (0.2ms)[0m  [1m[35mCOMMIT[0m
  [1m[36mTRANSACTION (0.0ms)[0m  [1m[35mBEGIN[0m
  [1m[36mGoodMemory Create (0.4ms)[0m  [1m[32mINSERT INTO "good_memories" ("content", "date", "mood", "created_at", "updated_at") VALUES ($1, $2, $3, $4, $5) RETURNING "id"[0m  [["content", "æ–°ã—ã„ãŠåº—ã‚’ç™ºè¦‹ã—ã¦ã€ç¾Žå‘³ã—ã„æ–™ç†ã‚’é£Ÿã¹ã¾ã—ãŸã€‚"], ["date", "2025-06-23"], ["mood", 4], ["created_at", "2025-07-04 12:02:55.310603"], ["updated_at", "2025-07-04 12:02:55.310603"]]
  [1m[36mTRANSACTION (0.1ms)[0m  [1m[35mCOMMIT[0m
  [1m[36mTRANSACTION (0.0ms)[0m  [1m[35mBEGIN[0m
  [1m[36mGoodMemory Create (3.6ms)[0m  [1m[32mINSERT INTO "good_memories" ("content", "date", "mood", "created_at", "updated_at") VALUES ($1, $2, $3, $4, $5) RETURNING "id"[0m  [["content", "å‹é”ã¨ãƒ©ãƒ³ãƒã‚’ã—ã¦ã€æ¥½ã—ã„ä¼šè©±ãŒã§ãã¾ã—ãŸã€‚"], ["date", "2025-06-22"], ["mood", 1], ["created_at", "2025-07-04 12:02:55.311711"], ["updated_at", "2025-07-04 12:02:55.311711"]]
  [1m[36mTRANSACTION (0.1ms)[0m  [1m[35mCOMMIT[0m
  [1m[36mTRANSACTION (0.1ms)[0m  [1m[35mBEGIN[0m
  [1m[36mGoodMemory Create (0.4ms)[0m  [1m[32mINSERT INTO "good_memories" ("content", "date", "mood", "created_at", "updated_at") VALUES ($1, $2, $3, $4, $5) RETURNING "id"[0m  [["content", "å®¶æ—ã¨ä¸€ç·’ã«æ˜ ç”»ã‚’è¦‹ã¦ã€æ¥½ã—ã„æ™‚é–“ã‚’éŽã”ã—ã¾ã—ãŸã€‚"], ["date", "2025-06-21"], ["mood", 4], ["created_at", "2025-07-04 12:02:55.316242"], ["updated_at", "2025-07-04 12:02:55.316242"]]
  [1m[36mTRANSACTION (0.2ms)[0m  [1m[35mCOMMIT[0m
  [1m[36mTRANSACTION (0.0ms)[0m  [1m[35mBEGIN[0m
  [1m[36mGoodMemory Create (0.4ms)[0m  [1m[32mINSERT INTO "good_memories" ("content", "date", "mood", "created_at", "updated_at") VALUES ($1, $2, $3, $4, $5) RETURNING "id"[0m  [["content", "æ–°ã—ã„æœ¬ã‚’èª­ã‚“ã§ã€æ–°ã—ã„ç™ºè¦‹ãŒã‚ã‚Šã¾ã—ãŸã€‚"], ["date", "2025-06-20"], ["mood", 2], ["created_at", "2025-07-04 12:02:55.317866"], ["updated_at", "2025-07-04 12:02:55.317866"]]
  [1m[36mTRANSACTION (0.1ms)[0m  [1m[35mCOMMIT[0m
  [1m[36mTRANSACTION (0.0ms)[0m  [1m[35mBEGIN[0m
  [1m[36mGoodMemory Create (0.7ms)[0m  [1m[32mINSERT INTO "good_memories" ("content", "date", "mood", "created_at", "updated_at") VALUES ($1, $2, $3, $4, $5) RETURNING "id"[0m  [["content", "å‹é”ã‹ã‚‰ç´ æ•µãªãƒ—ãƒ¬ã‚¼ãƒ³ãƒˆã‚’ã‚‚ã‚‰ã„ã¾ã—ãŸã€‚"], ["date", "2025-06-19"], ["mood", 3], ["created_at", "2025-07-04 12:02:55.318909"], ["updated_at", "2025-07-04 12:02:55.318909"]]
  [1m[36mTRANSACTION (0.1ms)[0m  [1m[35mCOMMIT[0m
  [1m[36mTRANSACTION (0.0ms)[0m  [1m[35mBEGIN[0m
  [1m[36mGoodMemory Create (0.4ms)[0m  [1m[32mINSERT INTO "good_memories" ("content", "date", "mood", "created_at", "updated_at") VALUES ($1, $2, $3, $4, $5) RETURNING "id"[0m  [["content", "å‹é”ã‹ã‚‰åŠ±ã¾ã—ã®ãƒ¡ãƒƒã‚»ãƒ¼ã‚¸ã‚’ã‚‚ã‚‰ã£ã¦ã€å¿ƒãŒæ¸©ã‹ããªã‚Šã¾ã—ãŸã€‚"], ["date", "2025-06-18"], ["mood", 5], ["created_at", "2025-07-04 12:02:55.320289"], ["updated_at", "2025-07-04 12:02:55.320289"]]
  [1m[36mTRANSACTION (0.1ms)[0m  [1m[35mCOMMIT[0m
  [1m[36mTRANSACTION (0.0ms)[0m  [1m[35mBEGIN[0m
  [1m[36mGoodMemory Create (0.4ms)[0m  [1m[32mINSERT INTO "good_memories" ("content", "date", "mood", "created_at", "updated_at") VALUES ($1, $2, $3, $4, $5) RETURNING "id"[0m  [["content", "ãŠæ°—ã«å…¥ã‚Šã®éŸ³æ¥½ã‚’è´ã„ã¦ã€å¿ƒãŒç™’ã•ã‚Œã¾ã—ãŸã€‚"], ["date", "2025-06-17"], ["mood", 2], ["created_at", "2025-07-04 12:02:55.321425"], ["updated_at", "2025-07-04 12:02:55.321425"]]
  [1m[36mTRANSACTION (0.1ms)[0m  [1m[35mCOMMIT[0m
  [1m[36mTRANSACTION (0.0ms)[0m  [1m[35mBEGIN[0m
  [1m[36mGoodMemory Create (0.5ms)[0m  [1m[32mINSERT INTO "good_memories" ("content", "date", "mood", "created_at", "updated_at") VALUES ($1, $2, $3, $4, $5) RETURNING "id"[0m  [["content", "å®¶æ—ã¨ä¸€ç·’ã«å†™çœŸã‚’æ’®ã£ã¦ã€è‰¯ã„æ€ã„å‡ºãŒã§ãã¾ã—ãŸã€‚"], ["date", "2025-06-16"], ["mood", 5], ["created_at", "2025-07-04 12:02:55.322396"], ["updated_at", "2025-07-04 12:02:55.322396"]]
  [1m[36mTRANSACTION (0.2ms)[0m  [1m[35mCOMMIT[0m
  [1m[36mTRANSACTION (0.0ms)[0m  [1m[35mBEGIN[0m
  [1m[36mGoodMemory Create (0.4ms)[0m  [1m[32mINSERT INTO "good_memories" ("content", "date", "mood", "created_at", "updated_at") VALUES ($1, $2, $3, $4, $5) RETURNING "id"[0m  [["content", "å‹é”ã‹ã‚‰åŠ±ã¾ã—ã®ãƒ¡ãƒƒã‚»ãƒ¼ã‚¸ã‚’ã‚‚ã‚‰ã£ã¦ã€å¿ƒãŒæ¸©ã‹ããªã‚Šã¾ã—ãŸã€‚"], ["date", "2025-06-15"], ["mood", 3], ["created_at", "2025-07-04 12:02:55.323755"], ["updated_at", "2025-07-04 12:02:55.323755"]]
  [1m[36mTRANSACTION (0.2ms)[0m  [1m[35mCOMMIT[0m
  [1m[36mTRANSACTION (0.0ms)[0m  [1m[35mBEGIN[0m
  [1m[36mGoodMemory Create (0.4ms)[0m  [1m[32mINSERT INTO "good_memories" ("content", "date", "mood", "created_at", "updated_at") VALUES ($1, $2, $3, $4, $5) RETURNING "id"[0m  [["content", "å‹é”ã¨ãƒ©ãƒ³ãƒã‚’ã—ã¦ã€æ¥½ã—ã„ä¼šè©±ãŒã§ãã¾ã—ãŸã€‚"], ["date", "2025-06-14"], ["mood", 4], ["created_at", "2025-07-04 12:02:55.324953"], ["updated_at", "2025-07-04 12:02:55.324953"]]
  [1m[36mTRANSACTION (0.2ms)[0m  [1m[35mCOMMIT[0m
  [1m[36mTRANSACTION (0.0ms)[0m  [1m[35mBEGIN[0m
  [1m[36mGoodMemory Create (0.4ms)[0m  [1m[32mINSERT INTO "good_memories" ("content", "date", "mood", "created_at", "updated_at") VALUES ($1, $2, $3, $4, $5) RETURNING "id"[0m  [["content", "ãŠæ°—ã«å…¥ã‚Šã®éŸ³æ¥½ã‚’è´ã„ã¦ã€å¿ƒãŒç™’ã•ã‚Œã¾ã—ãŸã€‚"], ["date", "2025-06-13"], ["mood", 1], ["created_at", "2025-07-04 12:02:55.326267"], ["updated_at", "2025-07-04 12:02:55.326267"]]
  [1m[36mTRANSACTION (0.2ms)[0m  [1m[35mCOMMIT[0m
  [1m[36mTRANSACTION (0.0ms)[0m  [1m[35mBEGIN[0m
  [1m[36mGoodMemory Create (0.4ms)[0m  [1m[32mINSERT INTO "good_memories" ("content", "date", "mood", "created_at", "updated_at") VALUES ($1, $2, $3, $4, $5) RETURNING "id"[0m  [["content", "ãŠæ°—ã«å…¥ã‚Šã®éŸ³æ¥½ã‚’è´ã„ã¦ã€å¿ƒãŒç™’ã•ã‚Œã¾ã—ãŸã€‚"], ["date", "2025-06-12"], ["mood", 3], ["created_at", "2025-07-04 12:02:55.327334"], ["updated_at", "2025-07-04 12:02:55.327334"]]
  [1m[36mTRANSACTION (0.2ms)[0m  [1m[35mCOMMIT[0m
  [1m[36mTRANSACTION (0.0ms)[0m  [1m[35mBEGIN[0m
  [1m[36mGoodMemory Create (0.4ms)[0m  [1m[32mINSERT INTO "good_memories" ("content", "date", "mood", "created_at", "updated_at") VALUES ($1, $2, $3, $4, $5) RETURNING "id"[0m  [["content", "å‹é”ã¨é›»è©±ã§è©±ã—ã¦ã€ä¹…ã—ã¶ã‚Šã«ç¬‘ã„åˆãˆã¾ã—ãŸã€‚"], ["date", "2025-06-11"], ["mood", 4], ["created_at", "2025-07-04 12:02:55.328533"], ["updated_at", "2025-07-04 12:02:55.328533"]]
  [1m[36mTRANSACTION (0.1ms)[0m  [1m[35mCOMMIT[0m
  [1m[36mTRANSACTION (0.0ms)[0m  [1m[35mBEGIN[0m
  [1m[36mGoodMemory Create (0.4ms)[0m  [1m[32mINSERT INTO "good_memories" ("content", "date", "mood", "created_at", "updated_at") VALUES ($1, $2, $3, $4, $5) RETURNING "id"[0m  [["content", "å®¶æ—ã¨ä¸€ç·’ã«ã‚²ãƒ¼ãƒ ã‚’ã—ã¦ã€ç¬‘ã„åˆãˆã¾ã—ãŸã€‚"], ["date", "2025-06-10"], ["mood", 3], ["created_at", "2025-07-04 12:02:55.329701"], ["updated_at", "2025-07-04 12:02:55.329701"]]
  [1m[36mTRANSACTION (0.4ms)[0m  [1m[35mCOMMIT[0m
  [1m[36mTRANSACTION (0.1ms)[0m  [1m[35mBEGIN[0m
  [1m[36mGoodMemory Create (0.6ms)[0m  [1m[32mINSERT INTO "good_memories" ("content", "date", "mood", "created_at", "updated_at") VALUES ($1, $2, $3, $4, $5) RETURNING "id"[0m  [["content", "å‹é”ã‹ã‚‰åŠ±ã¾ã—ã®ãƒ¡ãƒƒã‚»ãƒ¼ã‚¸ã‚’ã‚‚ã‚‰ã£ã¦ã€å¿ƒãŒæ¸©ã‹ããªã‚Šã¾ã—ãŸã€‚"], ["date", "2025-06-09"], ["mood", 1], ["created_at", "2025-07-04 12:02:55.330956"], ["updated_at", "2025-07-04 12:02:55.330956"]]
  [1m[36mTRANSACTION (0.2ms)[0m  [1m[35mCOMMIT[0m
  [1m[36mTRANSACTION (0.1ms)[0m  [1m[35mBEGIN[0m
  [1m[36mGoodMemory Create (0.6ms)[0m  [1m[32mINSERT INTO "good_memories" ("content", "date", "mood", "created_at", "updated_at") VALUES ($1, $2, $3, $4, $5) RETURNING "id"[0m  [["content", "ãŠæ°—ã«å…¥ã‚Šã®æœ¬ã‚’èª­ã‚“ã§ã€æ–°ã—ã„ä¸–ç•Œã‚’ç™ºè¦‹ã—ã¾ã—ãŸã€‚"], ["date", "2025-06-08"], ["mood", 2], ["created_at", "2025-07-04 12:02:55.332394"], ["updated_at", "2025-07-04 12:02:55.332394"]]
  [1m[36mTRANSACTION (0.3ms)[0m  [1m[35mCOMMIT[0m
  [1m[36mTRANSACTION (0.1ms)[0m  [1m[35mBEGIN[0m
  [1m[36mGoodMemory Create (0.6ms)[0m  [1m[32mINSERT INTO "good_memories" ("content", "date", "mood", "created_at", "updated_at") VALUES ($1, $2, $3, $4, $5) RETURNING "id"[0m  [["content", "ç¾Žå‘³ã—ã„ãŠèŒ¶ã‚’é£²ã¿ãªãŒã‚‰ã€ã‚†ã£ãã‚Šã¨ã—ãŸæ™‚é–“ã‚’éŽã”ã›ã¾ã—ãŸã€‚"], ["date", "2025-06-07"], ["mood", 2], ["created_at", "2025-07-04 12:02:55.338477"], ["updated_at", "2025-07-04 12:02:55.338477"]]
  [1m[36mTRANSACTION (0.2ms)[0m  [1m[35mCOMMIT[0m
  [1m[36mTRANSACTION (0.1ms)[0m  [1m[35mBEGIN[0m
  [1m[36mGoodMemory Create (2.0ms)[0m  [1m[32mINSERT INTO "good_memories" ("content", "date", "mood", "created_at", "updated_at") VALUES ($1, $2, $3, $4, $5) RETURNING "id"[0m  [["content", "æ–°ã—ã„ãŠåº—ã‚’ç™ºè¦‹ã—ã¦ã€ç¾Žå‘³ã—ã„æ–™ç†ã‚’é£Ÿã¹ã¾ã—ãŸã€‚"], ["date", "2025-06-06"], ["mood", 5], ["created_at", "2025-07-04 12:02:55.340053"], ["updated_at", "2025-07-04 12:02:55.340053"]]
  [1m[36mTRANSACTION (0.2ms)[0m  [1m[35mCOMMIT[0m
  [1m[36mTRANSACTION (0.1ms)[0m  [1m[35mBEGIN[0m
  [1m[36mGoodMemory Create (11.2ms)[0m  [1m[32mINSERT INTO "good_memories" ("content", "date", "mood", "created_at", "updated_at") VALUES ($1, $2, $3, $4, $5) RETURNING "id"[0m  [["content", "ãŠæ°—ã«å…¥ã‚Šã®éŸ³æ¥½ã‚’è´ã„ã¦ã€å¿ƒãŒç™’ã•ã‚Œã¾ã—ãŸã€‚"], ["date", "2025-06-05"], ["mood", 2], ["created_at", "2025-07-04 12:02:55.345648"], ["updated_at", "2025-07-04 12:02:55.345648"]]
  [1m[36mTRANSACTION (0.2ms)[0m  [1m[35mCOMMIT[0m
  [1m[36mGoodMemory Count (2.4ms)[0m  [1m[34mSELECT COUNT(*) FROM "good_memories"[0m
Started GET "/" for ::1 at 2025-07-04 21:21:49 +0900
  [1m[36mActiveRecord::SchemaMigration Load (2.1ms)[0m  [1m[34mSELECT "schema_migrations"."version" FROM "schema_migrations" ORDER BY "schema_migrations"."version" ASC[0m
Processing by GoodMemoriesController#index as HTML
  [1m[36mGoodMemory Count (0.3ms)[0m  [1m[34mSELECT COUNT(*) FROM "good_memories"[0m
  â†³ app/controllers/good_memories_controller.rb:6:in `index'
  [1m[36mGoodMemory Count (0.4ms)[0m  [1m[34mSELECT COUNT(*) FROM "good_memories" WHERE "good_memories"."date" BETWEEN $1 AND $2[0m  [["date", "2025-07-01"], ["date", "2025-07-31"]]
  â†³ app/controllers/good_memories_controller.rb:7:in `index'
  Rendering layout layouts/application.html.erb
  Rendering good_memories/index.html.erb within layouts/application
  [1m[36mGoodMemory Count (0.6ms)[0m  [1m[34mSELECT COUNT(*) FROM "good_memories" WHERE "good_memories"."mood" IN ($1, $2)[0m  [["mood", 4], ["mood", 5]]
  â†³ app/views/good_memories/index.html.erb:23
  [1m[36mGoodMemory Exists? (0.2ms)[0m  [1m[34mSELECT 1 AS one FROM "good_memories" LIMIT $1[0m  [["LIMIT", 1]]
  â†³ app/views/good_memories/index.html.erb:36
  [1m[36mGoodMemory Load (0.5ms)[0m  [1m[34mSELECT "good_memories".* FROM "good_memories" ORDER BY "good_memories"."date" DESC LIMIT $1[0m  [["LIMIT", 10]]
  â†³ app/views/good_memories/index.html.erb:38
  Rendered good_memories/index.html.erb within layouts/application (Duration: 23.0ms | Allocations: 9425)
  Rendered layout layouts/application.html.erb (Duration: 131.6ms | Allocations: 110780)
Completed 200 OK in 182ms (Views: 130.5ms | ActiveRecord: 14.5ms | Allocations: 131009)


Started GET "/" for ::1 at 2025-07-04 21:23:27 +0900
Processing by GoodMemoriesController#index as HTML
  [1m[36mGoodMemory Count (0.8ms)[0m  [1m[34mSELECT COUNT(*) FROM "good_memories"[0m
  â†³ app/controllers/good_memories_controller.rb:6:in `index'
  [1m[36mGoodMemory Count (0.3ms)[0m  [1m[34mSELECT COUNT(*) FROM "good_memories" WHERE "good_memories"."date" BETWEEN $1 AND $2[0m  [["date", "2025-07-01"], ["date", "2025-07-31"]]
  â†³ app/controllers/good_memories_controller.rb:7:in `index'
  Rendering layout layouts/application.html.erb
  Rendering good_memories/index.html.erb within layouts/application
  [1m[36mGoodMemory Count (0.4ms)[0m  [1m[34mSELECT COUNT(*) FROM "good_memories" WHERE "good_memories"."mood" IN ($1, $2)[0m  [["mood", 4], ["mood", 5]]
  â†³ app/views/good_memories/index.html.erb:23
  [1m[36mGoodMemory Exists? (0.2ms)[0m  [1m[34mSELECT 1 AS one FROM "good_memories" LIMIT $1[0m  [["LIMIT", 1]]
  â†³ app/views/good_memories/index.html.erb:36
  [1m[36mGoodMemory Load (0.4ms)[0m  [1m[34mSELECT "good_memories".* FROM "good_memories" ORDER BY "good_memories"."date" DESC LIMIT $1[0m  [["LIMIT", 10]]
  â†³ app/views/good_memories/index.html.erb:38
  Rendered good_memories/index.html.erb within layouts/application (Duration: 6.0ms | Allocations: 2610)
  Rendered layout layouts/application.html.erb (Duration: 25.7ms | Allocations: 9324)
Completed 200 OK in 31ms (Views: 25.3ms | ActiveRecord: 2.1ms | Allocations: 10544)


Started GET "/" for ::1 at 2025-07-04 21:33:22 +0900
Processing by GoodMemoriesController#index as HTML
  [1m[36mGoodMemory Count (0.6ms)[0m  [1m[34mSELECT COUNT(*) FROM "good_memories"[0m
  â†³ app/controllers/good_memories_controller.rb:6:in `index'
  [1m[36mGoodMemory Count (0.4ms)[0m  [1m[34mSELECT COUNT(*) FROM "good_memories" WHERE "good_memories"."date" BETWEEN $1 AND $2[0m  [["date", "2025-07-01"], ["date", "2025-07-31"]]
  â†³ app/controllers/good_memories_controller.rb:7:in `index'
  [1m[36mGoodMemory Load (0.2ms)[0m  [1m[34mSELECT "good_memories".* FROM "good_memories" WHERE "good_memories"."date" = $1 LIMIT $2[0m  [["date", "2025-07-04"], ["LIMIT", 1]]
  â†³ app/controllers/good_memories_controller.rb:10:in `index'
  Rendering layout layouts/application.html.erb
  Rendering good_memories/index.html.erb within layouts/application
  [1m[36mGoodMemory Load (0.3ms)[0m  [1m[34mSELECT "good_memories".* FROM "good_memories" ORDER BY "good_memories"."date" DESC LIMIT $1[0m  [["LIMIT", 10]]
  â†³ app/views/good_memories/index.html.erb:39
  Rendered good_memories/index.html.erb within layouts/application (Duration: 5.8ms | Allocations: 4609)
  Rendered layout layouts/application.html.erb (Duration: 24.1ms | Allocations: 23016)
Completed 200 OK in 43ms (Views: 25.8ms | ActiveRecord: 6.6ms | Allocations: 32820)


Started GET "/months" for ::1 at 2025-07-04 21:33:34 +0900
Processing by GoodMemoriesController#months as HTML
  [1m[36mGoodMemory Load (4.9ms)[0m  [1m[34mSELECT DISTINCT EXTRACT(YEAR FROM date) as year, EXTRACT(MONTH FROM date) as month FROM "good_memories" ORDER BY year DESC, month DESC[0m
  â†³ app/controllers/good_memories_controller.rb:62:in `map'
  Rendering layout layouts/application.html.erb
  Rendering good_memories/months.html.erb within layouts/application
  Rendered good_memories/months.html.erb within layouts/application (Duration: 1.3ms | Allocations: 400)
  Rendered layout layouts/application.html.erb (Duration: 5.3ms | Allocations: 2455)
Completed 200 OK in 16ms (Views: 6.4ms | ActiveRecord: 4.9ms | Allocations: 3464)


Started GET "/months" for ::1 at 2025-07-04 21:33:35 +0900
Processing by GoodMemoriesController#months as HTML
  [1m[36mGoodMemory Load (0.7ms)[0m  [1m[34mSELECT DISTINCT EXTRACT(YEAR FROM date) as year, EXTRACT(MONTH FROM date) as month FROM "good_memories" ORDER BY year DESC, month DESC[0m
  â†³ app/controllers/good_memories_controller.rb:62:in `map'
  Rendering layout layouts/application.html.erb
  Rendering good_memories/months.html.erb within layouts/application
  Rendered good_memories/months.html.erb within layouts/application (Duration: 0.4ms | Allocations: 117)
  Rendered layout layouts/application.html.erb (Duration: 4.7ms | Allocations: 2164)
Completed 200 OK in 8ms (Views: 5.2ms | ActiveRecord: 0.6ms | Allocations: 2950)


Started GET "/monthly/2025/6" for ::1 at 2025-07-04 21:33:38 +0900
Processing by GoodMemoriesController#monthly as HTML
  Parameters: {"year"=>"2025", "month"=>"6"}
  Rendering layout layouts/application.html.erb
  Rendering good_memories/monthly.html.erb within layouts/application
  [1m[36mGoodMemory Load (1.2ms)[0m  [1m[34mSELECT "good_memories".* FROM "good_memories" WHERE (EXTRACT(YEAR FROM date) = 2025 AND EXTRACT(MONTH FROM date) = 6) ORDER BY "good_memories"."date" DESC[0m
  â†³ app/views/good_memories/monthly.html.erb:4
  Rendered good_memories/monthly.html.erb within layouts/application (Duration: 5.1ms | Allocations: 1407)
  Rendered layout layouts/application.html.erb (Duration: 8.5ms | Allocations: 3459)
Completed 200 OK in 11ms (Views: 7.9ms | ActiveRecord: 1.2ms | Allocations: 3887)


Started GET "/" for ::1 at 2025-07-04 21:33:41 +0900
Processing by GoodMemoriesController#index as HTML
  [1m[36mGoodMemory Count (0.5ms)[0m  [1m[34mSELECT COUNT(*) FROM "good_memories"[0m
  â†³ app/controllers/good_memories_controller.rb:6:in `index'
  [1m[36mGoodMemory Count (0.3ms)[0m  [1m[34mSELECT COUNT(*) FROM "good_memories" WHERE "good_memories"."date" BETWEEN $1 AND $2[0m  [["date", "2025-07-01"], ["date", "2025-07-31"]]
  â†³ app/controllers/good_memories_controller.rb:7:in `index'
  [1m[36mGoodMemory Load (0.2ms)[0m  [1m[34mSELECT "good_memories".* FROM "good_memories" WHERE "good_memories"."date" = $1 LIMIT $2[0m  [["date", "2025-07-04"], ["LIMIT", 1]]
  â†³ app/controllers/good_memories_controller.rb:10:in `index'
  Rendering layout layouts/application.html.erb
  Rendering good_memories/index.html.erb within layouts/application
  [1m[36mGoodMemory Load (0.3ms)[0m  [1m[34mSELECT "good_memories".* FROM "good_memories" ORDER BY "good_memories"."date" DESC LIMIT $1[0m  [["LIMIT", 10]]
  â†³ app/views/good_memories/index.html.erb:39
  Rendered good_memories/index.html.erb within layouts/application (Duration: 3.8ms | Allocations: 2264)
  Rendered layout layouts/application.html.erb (Duration: 7.1ms | Allocations: 3906)
Completed 200 OK in 13ms (Views: 7.4ms | ActiveRecord: 1.3ms | Allocations: 5559)


Started PATCH "/good_memories/1" for ::1 at 2025-07-04 21:33:45 +0900
Processing by GoodMemoriesController#update as TURBO_STREAM
  Parameters: {"authenticity_token"=>"[FILTERED]", "good_memory"=>{"date"=>"2025-07-04", "content"=>"å®¶æ—ã¨ç¬‘é¡”ã§éŽã”ã›ãŸä¸€æ—¥ã§ã—ãŸã€‚å¤•é£Ÿã®æ™‚é–“ãŒç‰¹ã«æ¥½ã—ã‹ã£ãŸã§ã™ã€‚", "mood"=>"bad"}, "commit"=>"æ›´æ–°ã™ã‚‹", "id"=>"1"}
  [1m[36mGoodMemory Load (0.2ms)[0m  [1m[34mSELECT "good_memories".* FROM "good_memories" WHERE "good_memories"."id" = $1 LIMIT $2[0m  [["id", 1], ["LIMIT", 1]]
  â†³ app/controllers/good_memories_controller.rb:73:in `set_good_memory'
  [1m[36mTRANSACTION (0.1ms)[0m  [1m[35mBEGIN[0m
  â†³ app/controllers/good_memories_controller.rb:38:in `update'
  [1m[36mGoodMemory Update (1.1ms)[0m  [1m[33mUPDATE "good_memories" SET "mood" = $1, "updated_at" = $2 WHERE "good_memories"."id" = $3[0m  [["mood", 2], ["updated_at", "2025-07-04 12:33:45.283786"], ["id", 1]]
  â†³ app/controllers/good_memories_controller.rb:38:in `update'
  [1m[36mTRANSACTION (0.9ms)[0m  [1m[35mCOMMIT[0m
  â†³ app/controllers/good_memories_controller.rb:38:in `update'
Redirected to http://localhost:3000/
Completed 302 Found in 9ms (ActiveRecord: 2.3ms | Allocations: 4565)


Started GET "/" for ::1 at 2025-07-04 21:33:45 +0900
Processing by GoodMemoriesController#index as TURBO_STREAM
  [1m[36mGoodMemory Count (0.5ms)[0m  [1m[34mSELECT COUNT(*) FROM "good_memories"[0m
  â†³ app/controllers/good_memories_controller.rb:6:in `index'
  [1m[36mGoodMemory Count (0.2ms)[0m  [1m[34mSELECT COUNT(*) FROM "good_memories" WHERE "good_memories"."date" BETWEEN $1 AND $2[0m  [["date", "2025-07-01"], ["date", "2025-07-31"]]
  â†³ app/controllers/good_memories_controller.rb:7:in `index'
  [1m[36mGoodMemory Load (0.1ms)[0m  [1m[34mSELECT "good_memories".* FROM "good_memories" WHERE "good_memories"."date" = $1 LIMIT $2[0m  [["date", "2025-07-04"], ["LIMIT", 1]]
  â†³ app/controllers/good_memories_controller.rb:10:in `index'
  Rendering layout layouts/application.html.erb
  Rendering good_memories/index.html.erb within layouts/application
  [1m[36mGoodMemory Load (0.2ms)[0m  [1m[34mSELECT "good_memories".* FROM "good_memories" ORDER BY "good_memories"."date" DESC LIMIT $1[0m  [["LIMIT", 10]]
  â†³ app/views/good_memories/index.html.erb:39
  Rendered good_memories/index.html.erb within layouts/application (Duration: 2.6ms | Allocations: 2276)
  Rendered layout layouts/application.html.erb (Duration: 4.3ms | Allocations: 3924)
Completed 200 OK in 8ms (Views: 4.5ms | ActiveRecord: 0.9ms | Allocations: 5624)


Started GET "/" for ::1 at 2025-07-04 21:33:52 +0900
Processing by GoodMemoriesController#index as HTML
  [1m[36mGoodMemory Count (0.6ms)[0m  [1m[34mSELECT COUNT(*) FROM "good_memories"[0m
  â†³ app/controllers/good_memories_controller.rb:6:in `index'
  [1m[36mGoodMemory Count (0.3ms)[0m  [1m[34mSELECT COUNT(*) FROM "good_memories" WHERE "good_memories"."date" BETWEEN $1 AND $2[0m  [["date", "2025-07-01"], ["date", "2025-07-31"]]
  â†³ app/controllers/good_memories_controller.rb:7:in `index'
  [1m[36mGoodMemory Load (0.2ms)[0m  [1m[34mSELECT "good_memories".* FROM "good_memories" WHERE "good_memories"."date" = $1 LIMIT $2[0m  [["date", "2025-07-04"], ["LIMIT", 1]]
  â†³ app/controllers/good_memories_controller.rb:10:in `index'
  Rendering layout layouts/application.html.erb
  Rendering good_memories/index.html.erb within layouts/application
  [1m[36mGoodMemory Load (0.2ms)[0m  [1m[34mSELECT "good_memories".* FROM "good_memories" ORDER BY "good_memories"."date" DESC LIMIT $1[0m  [["LIMIT", 10]]
  â†³ app/views/good_memories/index.html.erb:39
  Rendered good_memories/index.html.erb within layouts/application (Duration: 4.5ms | Allocations: 2246)
  Rendered layout layouts/application.html.erb (Duration: 6.9ms | Allocations: 3889)
Completed 200 OK in 13ms (Views: 7.2ms | ActiveRecord: 1.3ms | Allocations: 5543)


  [1m[36mActiveRecord::SchemaMigration Load (0.9ms)[0m  [1m[34mSELECT "schema_migrations"."version" FROM "schema_migrations" ORDER BY "schema_migrations"."version" ASC[0m
  [1m[36mActiveRecord::InternalMetadata Load (0.4ms)[0m  [1m[34mSELECT * FROM "ar_internal_metadata" WHERE "ar_internal_metadata"."key" = $1 ORDER BY "ar_internal_metadata"."key" ASC LIMIT 1[0m  [[nil, "environment"]]
  [1m[36mActiveRecord::SchemaMigration Load (0.1ms)[0m  [1m[34mSELECT "schema_migrations"."version" FROM "schema_migrations" ORDER BY "schema_migrations"."version" ASC[0m
  [1m[36mActiveRecord::InternalMetadata Load (0.1ms)[0m  [1m[34mSELECT * FROM "ar_internal_metadata" WHERE "ar_internal_metadata"."key" = $1 ORDER BY "ar_internal_metadata"."key" ASC LIMIT 1[0m  [[nil, "environment"]]
  [1m[36mActiveRecord::SchemaMigration Load (0.1ms)[0m  [1m[34mSELECT "schema_migrations"."version" FROM "schema_migrations" ORDER BY "schema_migrations"."version" ASC[0m
  [1m[36mActiveRecord::InternalMetadata Load (0.1ms)[0m  [1m[34mSELECT * FROM "ar_internal_metadata" WHERE "ar_internal_metadata"."key" = $1 ORDER BY "ar_internal_metadata"."key" ASC LIMIT 1[0m  [[nil, "environment"]]
  [1m[35m (7217.6ms)[0m  [1m[35mDROP DATABASE IF EXISTS "re_me_app_development"[0m
  [1m[36mActiveRecord::SchemaMigration Load (0.6ms)[0m  [1m[34mSELECT "schema_migrations"."version" FROM "schema_migrations" ORDER BY "schema_migrations"."version" ASC[0m
  [1m[36mActiveRecord::InternalMetadata Load (0.8ms)[0m  [1m[34mSELECT * FROM "ar_internal_metadata" WHERE "ar_internal_metadata"."key" = $1 ORDER BY "ar_internal_metadata"."key" ASC LIMIT 1[0m  [[nil, "environment"]]
  [1m[36mActiveRecord::SchemaMigration Load (0.1ms)[0m  [1m[34mSELECT "schema_migrations"."version" FROM "schema_migrations" ORDER BY "schema_migrations"."version" ASC[0m
  [1m[36mActiveRecord::InternalMetadata Load (0.1ms)[0m  [1m[34mSELECT * FROM "ar_internal_metadata" WHERE "ar_internal_metadata"."key" = $1 ORDER BY "ar_internal_metadata"."key" ASC LIMIT 1[0m  [[nil, "environment"]]
  [1m[36mActiveRecord::SchemaMigration Load (0.2ms)[0m  [1m[34mSELECT "schema_migrations"."version" FROM "schema_migrations" ORDER BY "schema_migrations"."version" ASC[0m
  [1m[36mActiveRecord::InternalMetadata Load (0.1ms)[0m  [1m[34mSELECT * FROM "ar_internal_metadata" WHERE "ar_internal_metadata"."key" = $1 ORDER BY "ar_internal_metadata"."key" ASC LIMIT 1[0m  [[nil, "environment"]]
  [1m[35m (7411.5ms)[0m  [1m[35mDROP DATABASE IF EXISTS "re_me_app_development"[0m
Started GET "/" for ::1 at 2025-07-04 21:36:34 +0900
Processing by GoodMemoriesController#index as HTML
  [1m[36mGoodMemory Count (0.2ms)[0m  [1m[34mSELECT COUNT(*) FROM "good_memories"[0m
  â†³ app/controllers/good_memories_controller.rb:6:in `index'
  [1m[36mGoodMemory Count (0.1ms)[0m  [1m[34mSELECT COUNT(*) FROM "good_memories" WHERE "good_memories"."date" BETWEEN $1 AND $2[0m  [["date", "2025-07-01"], ["date", "2025-07-31"]]
  â†³ app/controllers/good_memories_controller.rb:7:in `index'
  [1m[36mGoodMemory Load (0.1ms)[0m  [1m[34mSELECT "good_memories".* FROM "good_memories" WHERE "good_memories"."date" = $1 LIMIT $2[0m  [["date", "2025-07-04"], ["LIMIT", 1]]
  â†³ app/controllers/good_memories_controller.rb:10:in `index'
  Rendering layout layouts/application.html.erb
  Rendering good_memories/index.html.erb within layouts/application
  [1m[36mGoodMemory Load (0.2ms)[0m  [1m[34mSELECT "good_memories".* FROM "good_memories" ORDER BY "good_memories"."date" DESC LIMIT $1[0m  [["LIMIT", 10]]
  â†³ app/views/good_memories/index.html.erb:39
  Rendered good_memories/index.html.erb within layouts/application (Duration: 1.7ms | Allocations: 2992)
  Rendered layout layouts/application.html.erb (Duration: 5.9ms | Allocations: 19896)
Completed 200 OK in 19ms (Views: 6.3ms | ActiveRecord: 9.1ms | Allocations: 27080)


Started GET "/months" for ::1 at 2025-07-04 21:36:48 +0900
Processing by GoodMemoriesController#months as HTML
  [1m[36mGoodMemory Load (0.6ms)[0m  [1m[34mSELECT DISTINCT EXTRACT(YEAR FROM date) as year, EXTRACT(MONTH FROM date) as month FROM "good_memories" ORDER BY year DESC, month DESC[0m
  â†³ app/controllers/good_memories_controller.rb:62:in `map'
  Rendering layout layouts/application.html.erb
  Rendering good_memories/months.html.erb within layouts/application
  Rendered good_memories/months.html.erb within layouts/application (Duration: 0.9ms | Allocations: 387)
  Rendered layout layouts/application.html.erb (Duration: 3.6ms | Allocations: 2433)
Completed 200 OK in 7ms (Views: 4.0ms | ActiveRecord: 0.6ms | Allocations: 3340)


Started GET "/months" for ::1 at 2025-07-04 21:37:58 +0900
Processing by GoodMemoriesController#months as HTML
  [1m[36mGoodMemory Load (0.6ms)[0m  [1m[34mSELECT DISTINCT EXTRACT(YEAR FROM date) as year, EXTRACT(MONTH FROM date) as month FROM "good_memories" ORDER BY year DESC, month DESC[0m
  â†³ app/controllers/good_memories_controller.rb:62:in `map'
  Rendering layout layouts/application.html.erb
  Rendering good_memories/months.html.erb within layouts/application
  Rendered good_memories/months.html.erb within layouts/application (Duration: 0.3ms | Allocations: 117)
  Rendered layout layouts/application.html.erb (Duration: 3.6ms | Allocations: 2172)
Completed 200 OK in 15ms (Views: 4.0ms | ActiveRecord: 0.6ms | Allocations: 2948)


Started GET "/monthly/2025/6" for ::1 at 2025-07-04 21:38:01 +0900
Processing by GoodMemoriesController#monthly as HTML
  Parameters: {"year"=>"2025", "month"=>"6"}
  Rendering layout layouts/application.html.erb
  Rendering good_memories/monthly.html.erb within layouts/application
  [1m[36mGoodMemory Load (0.7ms)[0m  [1m[34mSELECT "good_memories".* FROM "good_memories" WHERE (EXTRACT(YEAR FROM date) = 2025 AND EXTRACT(MONTH FROM date) = 6) ORDER BY "good_memories"."date" DESC[0m
  â†³ app/views/good_memories/monthly.html.erb:4
  Rendered good_memories/monthly.html.erb within layouts/application (Duration: 4.2ms | Allocations: 1387)
  Rendered layout layouts/application.html.erb (Duration: 6.9ms | Allocations: 3411)
Completed 200 OK in 9ms (Views: 6.7ms | ActiveRecord: 0.7ms | Allocations: 3818)


Started GET "/" for ::1 at 2025-07-04 21:38:06 +0900
Processing by GoodMemoriesController#index as HTML
  [1m[36mGoodMemory Count (0.5ms)[0m  [1m[34mSELECT COUNT(*) FROM "good_memories"[0m
  â†³ app/controllers/good_memories_controller.rb:6:in `index'
  [1m[36mGoodMemory Count (0.3ms)[0m  [1m[34mSELECT COUNT(*) FROM "good_memories" WHERE "good_memories"."date" BETWEEN $1 AND $2[0m  [["date", "2025-07-01"], ["date", "2025-07-31"]]
  â†³ app/controllers/good_memories_controller.rb:7:in `index'
  [1m[36mGoodMemory Load (0.3ms)[0m  [1m[34mSELECT "good_memories".* FROM "good_memories" WHERE "good_memories"."date" = $1 LIMIT $2[0m  [["date", "2025-07-04"], ["LIMIT", 1]]
  â†³ app/controllers/good_memories_controller.rb:10:in `index'
  Rendering layout layouts/application.html.erb
  Rendering good_memories/index.html.erb within layouts/application
  [1m[36mGoodMemory Load (0.3ms)[0m  [1m[34mSELECT "good_memories".* FROM "good_memories" ORDER BY "good_memories"."date" DESC LIMIT $1[0m  [["LIMIT", 10]]
  â†³ app/views/good_memories/index.html.erb:39
  Rendered good_memories/index.html.erb within layouts/application (Duration: 4.4ms | Allocations: 2273)
  Rendered layout layouts/application.html.erb (Duration: 7.5ms | Allocations: 3926)
Completed 200 OK in 14ms (Views: 7.9ms | ActiveRecord: 1.4ms | Allocations: 5581)


Started GET "/months" for ::1 at 2025-07-04 21:38:08 +0900
Processing by GoodMemoriesController#months as HTML
  [1m[36mGoodMemory Load (0.6ms)[0m  [1m[34mSELECT DISTINCT EXTRACT(YEAR FROM date) as year, EXTRACT(MONTH FROM date) as month FROM "good_memories" ORDER BY year DESC, month DESC[0m
  â†³ app/controllers/good_memories_controller.rb:62:in `map'
  Rendering layout layouts/application.html.erb
  Rendering good_memories/months.html.erb within layouts/application
  Rendered good_memories/months.html.erb within layouts/application (Duration: 0.4ms | Allocations: 117)
  Rendered layout layouts/application.html.erb (Duration: 3.8ms | Allocations: 2151)
Completed 200 OK in 8ms (Views: 4.3ms | ActiveRecord: 0.6ms | Allocations: 2926)


Started GET "/monthly/2025/7" for ::1 at 2025-07-04 21:38:10 +0900
Processing by GoodMemoriesController#monthly as HTML
  Parameters: {"year"=>"2025", "month"=>"7"}
  Rendering layout layouts/application.html.erb
  Rendering good_memories/monthly.html.erb within layouts/application
  [1m[36mGoodMemory Load (0.6ms)[0m  [1m[34mSELECT "good_memories".* FROM "good_memories" WHERE (EXTRACT(YEAR FROM date) = 2025 AND EXTRACT(MONTH FROM date) = 7) ORDER BY "good_memories"."date" DESC[0m
  â†³ app/views/good_memories/monthly.html.erb:4
  Rendered good_memories/monthly.html.erb within layouts/application (Duration: 2.1ms | Allocations: 574)
  Rendered layout layouts/application.html.erb (Duration: 7.6ms | Allocations: 2607)
Completed 200 OK in 9ms (Views: 7.5ms | ActiveRecord: 0.6ms | Allocations: 2934)


Started GET "/" for ::1 at 2025-07-04 21:38:10 +0900
Processing by GoodMemoriesController#index as HTML
  [1m[36mGoodMemory Count (0.5ms)[0m  [1m[34mSELECT COUNT(*) FROM "good_memories"[0m
  â†³ app/controllers/good_memories_controller.rb:6:in `index'
  [1m[36mGoodMemory Count (0.3ms)[0m  [1m[34mSELECT COUNT(*) FROM "good_memories" WHERE "good_memories"."date" BETWEEN $1 AND $2[0m  [["date", "2025-07-01"], ["date", "2025-07-31"]]
  â†³ app/controllers/good_memories_controller.rb:7:in `index'
  [1m[36mGoodMemory Load (0.2ms)[0m  [1m[34mSELECT "good_memories".* FROM "good_memories" WHERE "good_memories"."date" = $1 LIMIT $2[0m  [["date", "2025-07-04"], ["LIMIT", 1]]
  â†³ app/controllers/good_memories_controller.rb:10:in `index'
  Rendering layout layouts/application.html.erb
  Rendering good_memories/index.html.erb within layouts/application
  [1m[36mGoodMemory Load (0.3ms)[0m  [1m[34mSELECT "good_memories".* FROM "good_memories" ORDER BY "good_memories"."date" DESC LIMIT $1[0m  [["LIMIT", 10]]
  â†³ app/views/good_memories/index.html.erb:39
  Rendered good_memories/index.html.erb within layouts/application (Duration: 4.6ms | Allocations: 2270)
  Rendered layout layouts/application.html.erb (Duration: 7.2ms | Allocations: 3912)
Completed 200 OK in 13ms (Views: 7.6ms | ActiveRecord: 1.2ms | Allocations: 5566)


Started GET "/months" for ::1 at 2025-07-04 21:38:18 +0900
Processing by GoodMemoriesController#months as HTML
  [1m[36mGoodMemory Load (0.8ms)[0m  [1m[34mSELECT DISTINCT EXTRACT(YEAR FROM date) as year, EXTRACT(MONTH FROM date) as month FROM "good_memories" ORDER BY year DESC, month DESC[0m
  â†³ app/controllers/good_memories_controller.rb:62:in `map'
  Rendering layout layouts/application.html.erb
  Rendering good_memories/months.html.erb within layouts/application
  Rendered good_memories/months.html.erb within layouts/application (Duration: 0.3ms | Allocations: 117)
  Rendered layout layouts/application.html.erb (Duration: 2.6ms | Allocations: 2157)
Completed 200 OK in 6ms (Views: 3.0ms | ActiveRecord: 0.8ms | Allocations: 2931)


Started GET "/monthly/2025/6" for ::1 at 2025-07-04 21:38:18 +0900
Processing by GoodMemoriesController#monthly as HTML
  Parameters: {"year"=>"2025", "month"=>"6"}
  Rendering layout layouts/application.html.erb
  Rendering good_memories/monthly.html.erb within layouts/application
  [1m[36mGoodMemory Load (0.6ms)[0m  [1m[34mSELECT "good_memories".* FROM "good_memories" WHERE (EXTRACT(YEAR FROM date) = 2025 AND EXTRACT(MONTH FROM date) = 6) ORDER BY "good_memories"."date" DESC[0m
  â†³ app/views/good_memories/monthly.html.erb:4
  Rendered good_memories/monthly.html.erb within layouts/application (Duration: 1.8ms | Allocations: 1125)
  Rendered layout layouts/application.html.erb (Duration: 3.9ms | Allocations: 3161)
Completed 200 OK in 5ms (Views: 3.7ms | ActiveRecord: 0.5ms | Allocations: 3488)


Started GET "/months" for ::1 at 2025-07-04 21:38:21 +0900
Processing by GoodMemoriesController#months as HTML
  [1m[36mGoodMemory Load (0.7ms)[0m  [1m[34mSELECT DISTINCT EXTRACT(YEAR FROM date) as year, EXTRACT(MONTH FROM date) as month FROM "good_memories" ORDER BY year DESC, month DESC[0m
  â†³ app/controllers/good_memories_controller.rb:62:in `map'
  Rendering layout layouts/application.html.erb
  Rendering good_memories/months.html.erb within layouts/application
  Rendered good_memories/months.html.erb within layouts/application (Duration: 0.4ms | Allocations: 117)
  Rendered layout layouts/application.html.erb (Duration: 4.4ms | Allocations: 2147)
Completed 200 OK in 8ms (Views: 5.0ms | ActiveRecord: 0.6ms | Allocations: 2922)


Started GET "/monthly/2025/7" for ::1 at 2025-07-04 21:38:22 +0900
Processing by GoodMemoriesController#monthly as HTML
  Parameters: {"year"=>"2025", "month"=>"7"}
  Rendering layout layouts/application.html.erb
  Rendering good_memories/monthly.html.erb within layouts/application
  [1m[36mGoodMemory Load (0.6ms)[0m  [1m[34mSELECT "good_memories".* FROM "good_memories" WHERE (EXTRACT(YEAR FROM date) = 2025 AND EXTRACT(MONTH FROM date) = 7) ORDER BY "good_memories"."date" DESC[0m
  â†³ app/views/good_memories/monthly.html.erb:4
  Rendered good_memories/monthly.html.erb within layouts/application (Duration: 1.8ms | Allocations: 574)
  Rendered layout layouts/application.html.erb (Duration: 5.2ms | Allocations: 2598)
Completed 200 OK in 7ms (Views: 5.1ms | ActiveRecord: 0.6ms | Allocations: 2925)


Started GET "/" for ::1 at 2025-07-04 21:38:24 +0900
Processing by GoodMemoriesController#index as HTML
  [1m[36mGoodMemory Count (0.5ms)[0m  [1m[34mSELECT COUNT(*) FROM "good_memories"[0m
  â†³ app/controllers/good_memories_controller.rb:6:in `index'
  [1m[36mGoodMemory Count (0.3ms)[0m  [1m[34mSELECT COUNT(*) FROM "good_memories" WHERE "good_memories"."date" BETWEEN $1 AND $2[0m  [["date", "2025-07-01"], ["date", "2025-07-31"]]
  â†³ app/controllers/good_memories_controller.rb:7:in `index'
  [1m[36mGoodMemory Load (0.1ms)[0m  [1m[34mSELECT "good_memories".* FROM "good_memories" WHERE "good_memories"."date" = $1 LIMIT $2[0m  [["date", "2025-07-04"], ["LIMIT", 1]]
  â†³ app/controllers/good_memories_controller.rb:10:in `index'
  Rendering layout layouts/application.html.erb
  Rendering good_memories/index.html.erb within layouts/application
  [1m[36mGoodMemory Load (0.2ms)[0m  [1m[34mSELECT "good_memories".* FROM "good_memories" ORDER BY "good_memories"."date" DESC LIMIT $1[0m  [["LIMIT", 10]]
  â†³ app/views/good_memories/index.html.erb:39
  Rendered good_memories/index.html.erb within layouts/application (Duration: 1.9ms | Allocations: 2267)
  Rendered layout layouts/application.html.erb (Duration: 2.9ms | Allocations: 3909)
Completed 200 OK in 6ms (Views: 2.9ms | ActiveRecord: 1.0ms | Allocations: 5563)


Started GET "/" for ::1 at 2025-07-04 21:39:23 +0900
Processing by GoodMemoriesController#index as HTML
  [1m[36mGoodMemory Count (0.1ms)[0m  [1m[34mSELECT COUNT(*) FROM "good_memories"[0m
  â†³ app/controllers/good_memories_controller.rb:6:in `index'
  [1m[36mGoodMemory Count (0.2ms)[0m  [1m[34mSELECT COUNT(*) FROM "good_memories" WHERE "good_memories"."date" BETWEEN $1 AND $2[0m  [["date", "2025-07-01"], ["date", "2025-07-31"]]
  â†³ app/controllers/good_memories_controller.rb:7:in `index'
  [1m[36mGoodMemory Load (0.1ms)[0m  [1m[34mSELECT "good_memories".* FROM "good_memories" WHERE "good_memories"."date" = $1 LIMIT $2[0m  [["date", "2025-07-04"], ["LIMIT", 1]]
  â†³ app/controllers/good_memories_controller.rb:10:in `index'
  Rendering layout layouts/application.html.erb
  Rendering good_memories/index.html.erb within layouts/application
  [1m[36mGoodMemory Load (0.2ms)[0m  [1m[34mSELECT "good_memories".* FROM "good_memories" ORDER BY "good_memories"."date" DESC LIMIT $1[0m  [["LIMIT", 10]]
  â†³ app/views/good_memories/index.html.erb:39
  Rendered good_memories/index.html.erb within layouts/application (Duration: 1.7ms | Allocations: 3004)
  Rendered layout layouts/application.html.erb (Duration: 8.7ms | Allocations: 20028)
Completed 200 OK in 16ms (Views: 9.3ms | ActiveRecord: 2.9ms | Allocations: 27176)


Started PATCH "/good_memories/1" for ::1 at 2025-07-04 21:39:25 +0900
Processing by GoodMemoriesController#update as TURBO_STREAM
  Parameters: {"authenticity_token"=>"[FILTERED]", "good_memory"=>{"date"=>"2025-07-04", "content"=>"å®¶æ—ã¨ç¬‘é¡”ã§éŽã”ã›ãŸä¸€æ—¥ã§ã—ãŸã€‚å¤•é£Ÿã®æ™‚é–“ãŒç‰¹ã«æ¥½ã—ã‹ã£ãŸã§ã™ã€‚", "mood"=>"bad"}, "commit"=>"æ›´æ–°ã™ã‚‹", "id"=>"1"}
  [1m[36mGoodMemory Load (0.3ms)[0m  [1m[34mSELECT "good_memories".* FROM "good_memories" WHERE "good_memories"."id" = $1 LIMIT $2[0m  [["id", 1], ["LIMIT", 1]]
  â†³ app/controllers/good_memories_controller.rb:73:in `set_good_memory'
Redirected to http://localhost:3000/
Completed 302 Found in 6ms (ActiveRecord: 0.3ms | Allocations: 1944)


Started GET "/" for ::1 at 2025-07-04 21:39:25 +0900
Processing by GoodMemoriesController#index as TURBO_STREAM
  [1m[36mGoodMemory Count (0.5ms)[0m  [1m[34mSELECT COUNT(*) FROM "good_memories"[0m
  â†³ app/controllers/good_memories_controller.rb:6:in `index'
  [1m[36mGoodMemory Count (0.2ms)[0m  [1m[34mSELECT COUNT(*) FROM "good_memories" WHERE "good_memories"."date" BETWEEN $1 AND $2[0m  [["date", "2025-07-01"], ["date", "2025-07-31"]]
  â†³ app/controllers/good_memories_controller.rb:7:in `index'
  [1m[36mGoodMemory Load (0.1ms)[0m  [1m[34mSELECT "good_memories".* FROM "good_memories" WHERE "good_memories"."date" = $1 LIMIT $2[0m  [["date", "2025-07-04"], ["LIMIT", 1]]
  â†³ app/controllers/good_memories_controller.rb:10:in `index'
  Rendering layout layouts/application.html.erb
  Rendering good_memories/index.html.erb within layouts/application
  [1m[36mGoodMemory Load (0.1ms)[0m  [1m[34mSELECT "good_memories".* FROM "good_memories" ORDER BY "good_memories"."date" DESC LIMIT $1[0m  [["LIMIT", 10]]
  â†³ app/views/good_memories/index.html.erb:39
  Rendered good_memories/index.html.erb within layouts/application (Duration: 2.8ms | Allocations: 2292)
  Rendered layout layouts/application.html.erb (Duration: 4.3ms | Allocations: 3948)
Completed 200 OK in 8ms (Views: 4.5ms | ActiveRecord: 0.9ms | Allocations: 5651)


Started GET "/months" for ::1 at 2025-07-04 21:39:28 +0900
Processing by GoodMemoriesController#months as HTML
  [1m[36mGoodMemory Load (0.8ms)[0m  [1m[34mSELECT DISTINCT EXTRACT(YEAR FROM date) as year, EXTRACT(MONTH FROM date) as month FROM "good_memories" ORDER BY year DESC, month DESC[0m
  â†³ app/controllers/good_memories_controller.rb:62:in `map'
  Rendering layout layouts/application.html.erb
  Rendering good_memories/months.html.erb within layouts/application
  Rendered good_memories/months.html.erb within layouts/application (Duration: 1.3ms | Allocations: 391)
  Rendered layout layouts/application.html.erb (Duration: 5.0ms | Allocations: 2413)
Completed 200 OK in 10ms (Views: 5.6ms | ActiveRecord: 0.8ms | Allocations: 3320)


Started GET "/" for ::1 at 2025-07-04 21:39:29 +0900
Processing by GoodMemoriesController#index as HTML
  [1m[36mGoodMemory Count (0.6ms)[0m  [1m[34mSELECT COUNT(*) FROM "good_memories"[0m
  â†³ app/controllers/good_memories_controller.rb:6:in `index'
  [1m[36mGoodMemory Count (0.3ms)[0m  [1m[34mSELECT COUNT(*) FROM "good_memories" WHERE "good_memories"."date" BETWEEN $1 AND $2[0m  [["date", "2025-07-01"], ["date", "2025-07-31"]]
  â†³ app/controllers/good_memories_controller.rb:7:in `index'
  [1m[36mGoodMemory Load (0.1ms)[0m  [1m[34mSELECT "good_memories".* FROM "good_memories" WHERE "good_memories"."date" = $1 LIMIT $2[0m  [["date", "2025-07-04"], ["LIMIT", 1]]
  â†³ app/controllers/good_memories_controller.rb:10:in `index'
  Rendering layout layouts/application.html.erb
  Rendering good_memories/index.html.erb within layouts/application
  [1m[36mGoodMemory Load (0.2ms)[0m  [1m[34mSELECT "good_memories".* FROM "good_memories" ORDER BY "good_memories"."date" DESC LIMIT $1[0m  [["LIMIT", 10]]
  â†³ app/views/good_memories/index.html.erb:39
  Rendered good_memories/index.html.erb within layouts/application (Duration: 4.1ms | Allocations: 2255)
  Rendered layout layouts/application.html.erb (Duration: 6.8ms | Allocations: 3897)
Completed 200 OK in 12ms (Views: 7.1ms | ActiveRecord: 1.2ms | Allocations: 5549)


Started GET "/months" for ::1 at 2025-07-04 21:39:30 +0900
Processing by GoodMemoriesController#months as HTML
  [1m[36mGoodMemory Load (0.7ms)[0m  [1m[34mSELECT DISTINCT EXTRACT(YEAR FROM date) as year, EXTRACT(MONTH FROM date) as month FROM "good_memories" ORDER BY year DESC, month DESC[0m
  â†³ app/controllers/good_memories_controller.rb:62:in `map'
  Rendering layout layouts/application.html.erb
  Rendering good_memories/months.html.erb within layouts/application
  Rendered good_memories/months.html.erb within layouts/application (Duration: 0.4ms | Allocations: 117)
  Rendered layout layouts/application.html.erb (Duration: 4.0ms | Allocations: 2178)
Completed 200 OK in 8ms (Views: 4.6ms | ActiveRecord: 0.6ms | Allocations: 2952)


Started GET "/monthly/2025/6" for ::1 at 2025-07-04 21:39:32 +0900
Processing by GoodMemoriesController#monthly as HTML
  Parameters: {"year"=>"2025", "month"=>"6"}
  Rendering layout layouts/application.html.erb
  Rendering good_memories/monthly.html.erb within layouts/application
  [1m[36mGoodMemory Load (0.4ms)[0m  [1m[34mSELECT "good_memories".* FROM "good_memories" WHERE (EXTRACT(YEAR FROM date) = 2025 AND EXTRACT(MONTH FROM date) = 6) ORDER BY "good_memories"."date" DESC[0m
  â†³ app/views/good_memories/monthly.html.erb:4
  Rendered good_memories/monthly.html.erb within layouts/application (Duration: 2.4ms | Allocations: 1510)
  Rendered layout layouts/application.html.erb (Duration: 4.6ms | Allocations: 3559)
Completed 200 OK in 6ms (Views: 4.6ms | ActiveRecord: 0.4ms | Allocations: 3965)


Started GET "/months" for ::1 at 2025-07-04 21:39:36 +0900
Processing by GoodMemoriesController#months as HTML
  [1m[36mGoodMemory Load (0.7ms)[0m  [1m[34mSELECT DISTINCT EXTRACT(YEAR FROM date) as year, EXTRACT(MONTH FROM date) as month FROM "good_memories" ORDER BY year DESC, month DESC[0m
  â†³ app/controllers/good_memories_controller.rb:62:in `map'
  Rendering layout layouts/application.html.erb
  Rendering good_memories/months.html.erb within layouts/application
  Rendered good_memories/months.html.erb within layouts/application (Duration: 0.4ms | Allocations: 117)
  Rendered layout layouts/application.html.erb (Duration: 3.9ms | Allocations: 2163)
Completed 200 OK in 7ms (Views: 4.5ms | ActiveRecord: 0.6ms | Allocations: 2937)


Started GET "/monthly/2025/7" for ::1 at 2025-07-04 21:39:37 +0900
Processing by GoodMemoriesController#monthly as HTML
  Parameters: {"year"=>"2025", "month"=>"7"}
  Rendering layout layouts/application.html.erb
  Rendering good_memories/monthly.html.erb within layouts/application
  [1m[36mGoodMemory Load (0.7ms)[0m  [1m[34mSELECT "good_memories".* FROM "good_memories" WHERE (EXTRACT(YEAR FROM date) = 2025 AND EXTRACT(MONTH FROM date) = 7) ORDER BY "good_memories"."date" DESC[0m
  â†³ app/views/good_memories/monthly.html.erb:4
  Rendered good_memories/monthly.html.erb within layouts/application (Duration: 2.9ms | Allocations: 590)
  Rendered layout layouts/application.html.erb (Duration: 6.4ms | Allocations: 2630)
Completed 200 OK in 8ms (Views: 6.3ms | ActiveRecord: 0.7ms | Allocations: 2957)


Started GET "/" for ::1 at 2025-07-04 21:41:14 +0900
Processing by GoodMemoriesController#index as HTML
  [1m[36mGoodMemory Count (0.8ms)[0m  [1m[34mSELECT COUNT(*) FROM "good_memories"[0m
  â†³ app/controllers/good_memories_controller.rb:6:in `index'
  [1m[36mGoodMemory Count (0.3ms)[0m  [1m[34mSELECT COUNT(*) FROM "good_memories" WHERE "good_memories"."date" BETWEEN $1 AND $2[0m  [["date", "2025-07-01"], ["date", "2025-07-31"]]
  â†³ app/controllers/good_memories_controller.rb:7:in `index'
  [1m[36mGoodMemory Load (0.2ms)[0m  [1m[34mSELECT "good_memories".* FROM "good_memories" WHERE "good_memories"."date" = $1 LIMIT $2[0m  [["date", "2025-07-04"], ["LIMIT", 1]]
  â†³ app/controllers/good_memories_controller.rb:10:in `index'
  Rendering layout layouts/application.html.erb
  Rendering good_memories/index.html.erb within layouts/application
  [1m[36mGoodMemory Load (0.2ms)[0m  [1m[34mSELECT "good_memories".* FROM "good_memories" ORDER BY "good_memories"."date" DESC LIMIT $1[0m  [["LIMIT", 10]]
  â†³ app/views/good_memories/index.html.erb:39
  Rendered good_memories/index.html.erb within layouts/application (Duration: 3.9ms | Allocations: 2279)
  Rendered layout layouts/application.html.erb (Duration: 6.6ms | Allocations: 3921)
Completed 200 OK in 13ms (Views: 6.9ms | ActiveRecord: 1.4ms | Allocations: 5573)


Started GET "/" for ::1 at 2025-07-06 20:33:15 +0900
Processing by GoodMemoriesController#index as HTML
  [1m[36mGoodMemory Count (22.2ms)[0m  [1m[34mSELECT COUNT(*) FROM "good_memories"[0m
  â†³ app/controllers/good_memories_controller.rb:6:in `index'
  [1m[36mGoodMemory Count (0.4ms)[0m  [1m[34mSELECT COUNT(*) FROM "good_memories" WHERE "good_memories"."date" BETWEEN $1 AND $2[0m  [["date", "2025-07-01"], ["date", "2025-07-31"]]
  â†³ app/controllers/good_memories_controller.rb:7:in `index'
  [1m[36mGoodMemory Load (0.1ms)[0m  [1m[34mSELECT "good_memories".* FROM "good_memories" WHERE "good_memories"."date" = $1 LIMIT $2[0m  [["date", "2025-07-06"], ["LIMIT", 1]]
  â†³ app/controllers/good_memories_controller.rb:10:in `index'
  Rendering layout layouts/application.html.erb
  Rendering good_memories/index.html.erb within layouts/application
  [1m[36mGoodMemory Load (0.3ms)[0m  [1m[34mSELECT "good_memories".* FROM "good_memories" ORDER BY "good_memories"."date" DESC LIMIT $1[0m  [["LIMIT", 10]]
  â†³ app/views/good_memories/index.html.erb:39
  Rendered good_memories/index.html.erb within layouts/application (Duration: 3.7ms | Allocations: 2258)
  Rendered layout layouts/application.html.erb (Duration: 8.4ms | Allocations: 3912)
Completed 200 OK in 38ms (Views: 8.6ms | ActiveRecord: 35.5ms | Allocations: 8377)


Started GET "/" for ::1 at 2025-07-06 20:33:17 +0900
Processing by GoodMemoriesController#index as HTML
  [1m[36mGoodMemory Count (0.3ms)[0m  [1m[34mSELECT COUNT(*) FROM "good_memories"[0m
  â†³ app/controllers/good_memories_controller.rb:6:in `index'
  [1m[36mGoodMemory Count (0.2ms)[0m  [1m[34mSELECT COUNT(*) FROM "good_memories" WHERE "good_memories"."date" BETWEEN $1 AND $2[0m  [["date", "2025-07-01"], ["date", "2025-07-31"]]
  â†³ app/controllers/good_memories_controller.rb:7:in `index'
  [1m[36mGoodMemory Load (0.1ms)[0m  [1m[34mSELECT "good_memories".* FROM "good_memories" WHERE "good_memories"."date" = $1 LIMIT $2[0m  [["date", "2025-07-06"], ["LIMIT", 1]]
  â†³ app/controllers/good_memories_controller.rb:10:in `index'
  Rendering layout layouts/application.html.erb
  Rendering good_memories/index.html.erb within layouts/application
  [1m[36mGoodMemory Load (0.1ms)[0m  [1m[34mSELECT "good_memories".* FROM "good_memories" ORDER BY "good_memories"."date" DESC LIMIT $1[0m  [["LIMIT", 10]]
  â†³ app/views/good_memories/index.html.erb:39
  Rendered good_memories/index.html.erb within layouts/application (Duration: 3.2ms | Allocations: 2245)
  Rendered layout layouts/application.html.erb (Duration: 5.7ms | Allocations: 3887)
Completed 200 OK in 10ms (Views: 5.9ms | ActiveRecord: 0.7ms | Allocations: 5564)


  [1m[36mActiveRecord::SchemaMigration Load (1.0ms)[0m  [1m[34mSELECT "schema_migrations"."version" FROM "schema_migrations" ORDER BY "schema_migrations"."version" ASC[0m
  [1m[35m (0.1ms)[0m  [1m[34mSELECT pg_try_advisory_lock(523066883715170655)[0m
  [1m[36mActiveRecord::SchemaMigration Load (1.3ms)[0m  [1m[34mSELECT "schema_migrations"."version" FROM "schema_migrations" ORDER BY "schema_migrations"."version" ASC[0m
  [1m[36mActiveRecord::InternalMetadata Load (1.3ms)[0m  [1m[34mSELECT * FROM "ar_internal_metadata" WHERE "ar_internal_metadata"."key" = $1 ORDER BY "ar_internal_metadata"."key" ASC LIMIT 1[0m  [[nil, "environment"]]
  [1m[35m (0.1ms)[0m  [1m[34mSELECT pg_advisory_unlock(523066883715170655)[0m
  [1m[36mActiveRecord::SchemaMigration Load (0.1ms)[0m  [1m[34mSELECT "schema_migrations"."version" FROM "schema_migrations" ORDER BY "schema_migrations"."version" ASC[0m
  [1m[36mActiveRecord::SchemaMigration Load (0.8ms)[0m  [1m[34mSELECT "schema_migrations"."version" FROM "schema_migrations" ORDER BY "schema_migrations"."version" ASC[0m
Started GET "/" for ::1 at 2025-07-07 08:35:45 +0900
  [1m[36mActiveRecord::SchemaMigration Load (1.2ms)[0m  [1m[34mSELECT "schema_migrations"."version" FROM "schema_migrations" ORDER BY "schema_migrations"."version" ASC[0m
Processing by GoodMemoriesController#index as HTML
  [1m[36mGoodMemory Count (0.9ms)[0m  [1m[34mSELECT COUNT(*) FROM "good_memories"[0m
  â†³ app/controllers/good_memories_controller.rb:6:in `index'
  [1m[36mGoodMemory Count (0.3ms)[0m  [1m[34mSELECT COUNT(*) FROM "good_memories" WHERE "good_memories"."date" BETWEEN $1 AND $2[0m  [["date", "2025-07-01"], ["date", "2025-07-31"]]
  â†³ app/controllers/good_memories_controller.rb:7:in `index'
  [1m[36mGoodMemory Load (0.2ms)[0m  [1m[34mSELECT "good_memories".* FROM "good_memories" WHERE "good_memories"."date" = $1 LIMIT $2[0m  [["date", "2025-07-06"], ["LIMIT", 1]]
  â†³ app/controllers/good_memories_controller.rb:10:in `index'
  Rendering layout layouts/application.html.erb
  Rendering good_memories/index.html.erb within layouts/application
  [1m[36mGoodMemory Load (0.3ms)[0m  [1m[34mSELECT "good_memories".* FROM "good_memories" ORDER BY "good_memories"."date" DESC LIMIT $1[0m  [["LIMIT", 10]]
  â†³ app/views/good_memories/index.html.erb:39
  Rendered good_memories/index.html.erb within layouts/application (Duration: 6.7ms | Allocations: 5202)
  Rendered layout layouts/application.html.erb (Duration: 25.9ms | Allocations: 47112)
Completed 200 OK in 65ms (Views: 27.3ms | ActiveRecord: 17.2ms | Allocations: 70656)


Started POST "/good_memories" for ::1 at 2025-07-07 08:35:59 +0900
Processing by GoodMemoriesController#create as TURBO_STREAM
  Parameters: {"authenticity_token"=>"[FILTERED]", "good_memory"=>{"date"=>"2025-07-07", "content"=>"ã‚¢ã‚¤ã‚¹é£Ÿã¹ãŸ", "mood"=>"normal"}, "commit"=>"è¨˜éŒ²ã™ã‚‹"}
  [1m[36mTRANSACTION (0.2ms)[0m  [1m[35mBEGIN[0m
  â†³ app/controllers/good_memories_controller.rb:24:in `create'
  [1m[36mGoodMemory Create (3.6ms)[0m  [1m[32mINSERT INTO "good_memories" ("content", "date", "mood", "created_at", "updated_at") VALUES ($1, $2, $3, $4, $5) RETURNING "id"[0m  [["content", "ã‚¢ã‚¤ã‚¹é£Ÿã¹ãŸ"], ["date", "2025-07-07"], ["mood", 3], ["created_at", "2025-07-06 23:35:59.040042"], ["updated_at", "2025-07-06 23:35:59.040042"]]
  â†³ app/controllers/good_memories_controller.rb:24:in `create'
  [1m[36mTRANSACTION (1.9ms)[0m  [1m[35mCOMMIT[0m
  â†³ app/controllers/good_memories_controller.rb:24:in `create'
Redirected to http://localhost:3000/
Completed 302 Found in 13ms (ActiveRecord: 5.7ms | Allocations: 3546)


Started GET "/" for ::1 at 2025-07-07 08:35:59 +0900
Processing by GoodMemoriesController#index as TURBO_STREAM
  [1m[36mGoodMemory Count (0.4ms)[0m  [1m[34mSELECT COUNT(*) FROM "good_memories"[0m
  â†³ app/controllers/good_memories_controller.rb:6:in `index'
  [1m[36mGoodMemory Count (0.2ms)[0m  [1m[34mSELECT COUNT(*) FROM "good_memories" WHERE "good_memories"."date" BETWEEN $1 AND $2[0m  [["date", "2025-07-01"], ["date", "2025-07-31"]]
  â†³ app/controllers/good_memories_controller.rb:7:in `index'
  [1m[36mGoodMemory Load (0.1ms)[0m  [1m[34mSELECT "good_memories".* FROM "good_memories" WHERE "good_memories"."date" = $1 LIMIT $2[0m  [["date", "2025-07-06"], ["LIMIT", 1]]
  â†³ app/controllers/good_memories_controller.rb:10:in `index'
  Rendering layout layouts/application.html.erb
  Rendering good_memories/index.html.erb within layouts/application
  [1m[36mGoodMemory Load (0.2ms)[0m  [1m[34mSELECT "good_memories".* FROM "good_memories" ORDER BY "good_memories"."date" DESC LIMIT $1[0m  [["LIMIT", 10]]
  â†³ app/views/good_memories/index.html.erb:39
  Rendered good_memories/index.html.erb within layouts/application (Duration: 2.3ms | Allocations: 2246)
  Rendered layout layouts/application.html.erb (Duration: 4.1ms | Allocations: 3894)
Completed 200 OK in 7ms (Views: 4.1ms | ActiveRecord: 0.9ms | Allocations: 5619)


Started GET "/" for ::1 at 2025-07-07 08:37:23 +0900
  [1m[36mActiveRecord::SchemaMigration Load (1.0ms)[0m  [1m[34mSELECT "schema_migrations"."version" FROM "schema_migrations" ORDER BY "schema_migrations"."version" ASC[0m
Processing by GoodMemoriesController#index as HTML
  [1m[36mGoodMemory Count (0.8ms)[0m  [1m[34mSELECT COUNT(*) FROM "good_memories"[0m
  â†³ app/controllers/good_memories_controller.rb:6:in `index'
  [1m[36mGoodMemory Count (0.2ms)[0m  [1m[34mSELECT COUNT(*) FROM "good_memories" WHERE "good_memories"."date" BETWEEN $1 AND $2[0m  [["date", "2025-07-01"], ["date", "2025-07-31"]]
  â†³ app/controllers/good_memories_controller.rb:7:in `index'
  [1m[36mGoodMemory Load (0.1ms)[0m  [1m[34mSELECT "good_memories".* FROM "good_memories" WHERE "good_memories"."date" = $1 LIMIT $2[0m  [["date", "2025-07-06"], ["LIMIT", 1]]
  â†³ app/controllers/good_memories_controller.rb:10:in `index'
  Rendering layout layouts/application.html.erb
  Rendering good_memories/index.html.erb within layouts/application
  [1m[36mGoodMemory Load (0.2ms)[0m  [1m[34mSELECT "good_memories".* FROM "good_memories" ORDER BY "good_memories"."date" DESC LIMIT $1[0m  [["LIMIT", 10]]
  â†³ app/views/good_memories/index.html.erb:44
  Rendered good_memories/index.html.erb within layouts/application (Duration: 5.8ms | Allocations: 5279)
  Rendered layout layouts/application.html.erb (Duration: 25.9ms | Allocations: 48695)
Completed 200 OK in 62ms (Views: 27.2ms | ActiveRecord: 15.0ms | Allocations: 72245)


Started GET "/" for ::1 at 2025-07-07 08:39:08 +0900
  [1m[36mActiveRecord::SchemaMigration Load (1.3ms)[0m  [1m[34mSELECT "schema_migrations"."version" FROM "schema_migrations" ORDER BY "schema_migrations"."version" ASC[0m
Processing by GoodMemoriesController#index as HTML
  [1m[36mGoodMemory Count (0.3ms)[0m  [1m[34mSELECT COUNT(*) FROM "good_memories"[0m
  â†³ app/controllers/good_memories_controller.rb:6:in `index'
  [1m[36mGoodMemory Count (0.2ms)[0m  [1m[34mSELECT COUNT(*) FROM "good_memories" WHERE "good_memories"."date" BETWEEN $1 AND $2[0m  [["date", "2025-07-01"], ["date", "2025-07-31"]]
  â†³ app/controllers/good_memories_controller.rb:7:in `index'
  [1m[36mGoodMemory Load (0.1ms)[0m  [1m[34mSELECT "good_memories".* FROM "good_memories" WHERE "good_memories"."date" = $1 LIMIT $2[0m  [["date", "2025-07-06"], ["LIMIT", 1]]
  â†³ app/controllers/good_memories_controller.rb:10:in `index'
  Rendering layout layouts/application.html.erb
  Rendering good_memories/index.html.erb within layouts/application
  [1m[36mGoodMemory Load (0.2ms)[0m  [1m[34mSELECT "good_memories".* FROM "good_memories" ORDER BY "good_memories"."date" DESC LIMIT $1[0m  [["LIMIT", 10]]
  â†³ app/views/good_memories/index.html.erb:44
  Rendered good_memories/index.html.erb within layouts/application (Duration: 5.1ms | Allocations: 5282)
  Rendered layout layouts/application.html.erb (Duration: 19.4ms | Allocations: 42457)
Completed 200 OK in 49ms (Views: 20.6ms | ActiveRecord: 13.1ms | Allocations: 66002)


Started GET "/" for ::1 at 2025-07-07 08:39:12 +0900
Processing by GoodMemoriesController#index as HTML
  [1m[36mGoodMemory Count (0.8ms)[0m  [1m[34mSELECT COUNT(*) FROM "good_memories"[0m
  â†³ app/controllers/good_memories_controller.rb:6:in `index'
  [1m[36mGoodMemory Count (0.5ms)[0m  [1m[34mSELECT COUNT(*) FROM "good_memories" WHERE "good_memories"."date" BETWEEN $1 AND $2[0m  [["date", "2025-07-01"], ["date", "2025-07-31"]]
  â†³ app/controllers/good_memories_controller.rb:7:in `index'
  [1m[36mGoodMemory Load (0.3ms)[0m  [1m[34mSELECT "good_memories".* FROM "good_memories" WHERE "good_memories"."date" = $1 LIMIT $2[0m  [["date", "2025-07-06"], ["LIMIT", 1]]
  â†³ app/controllers/good_memories_controller.rb:10:in `index'
  Rendering layout layouts/application.html.erb
  Rendering good_memories/index.html.erb within layouts/application
  [1m[36mGoodMemory Load (0.5ms)[0m  [1m[34mSELECT "good_memories".* FROM "good_memories" ORDER BY "good_memories"."date" DESC LIMIT $1[0m  [["LIMIT", 10]]
  â†³ app/views/good_memories/index.html.erb:44
  Rendered good_memories/index.html.erb within layouts/application (Duration: 5.4ms | Allocations: 2234)
  Rendered layout layouts/application.html.erb (Duration: 7.6ms | Allocations: 3876)
Completed 200 OK in 15ms (Views: 7.7ms | ActiveRecord: 2.1ms | Allocations: 5572)


Started GET "/" for ::1 at 2025-07-07 08:39:16 +0900
Processing by GoodMemoriesController#index as HTML
  [1m[36mGoodMemory Count (0.6ms)[0m  [1m[34mSELECT COUNT(*) FROM "good_memories"[0m
  â†³ app/controllers/good_memories_controller.rb:6:in `index'
  [1m[36mGoodMemory Count (0.4ms)[0m  [1m[34mSELECT COUNT(*) FROM "good_memories" WHERE "good_memories"."date" BETWEEN $1 AND $2[0m  [["date", "2025-07-01"], ["date", "2025-07-31"]]
  â†³ app/controllers/good_memories_controller.rb:7:in `index'
  [1m[36mGoodMemory Load (0.3ms)[0m  [1m[34mSELECT "good_memories".* FROM "good_memories" WHERE "good_memories"."date" = $1 LIMIT $2[0m  [["date", "2025-07-06"], ["LIMIT", 1]]
  â†³ app/controllers/good_memories_controller.rb:10:in `index'
  Rendering layout layouts/application.html.erb
  Rendering good_memories/index.html.erb within layouts/application
  [1m[36mGoodMemory Load (0.4ms)[0m  [1m[34mSELECT "good_memories".* FROM "good_memories" ORDER BY "good_memories"."date" DESC LIMIT $1[0m  [["LIMIT", 10]]
  â†³ app/views/good_memories/index.html.erb:44
  Rendered good_memories/index.html.erb within layouts/application (Duration: 6.0ms | Allocations: 2234)
  Rendered layout layouts/application.html.erb (Duration: 8.9ms | Allocations: 3891)
Completed 200 OK in 16ms (Views: 9.1ms | ActiveRecord: 1.6ms | Allocations: 5573)


Started GET "/months" for ::1 at 2025-07-07 08:39:19 +0900
Processing by GoodMemoriesController#months as HTML
  [1m[36mGoodMemory Load (2.0ms)[0m  [1m[34mSELECT DISTINCT EXTRACT(YEAR FROM date) as year, EXTRACT(MONTH FROM date) as month FROM "good_memories" ORDER BY year DESC, month DESC[0m
  â†³ app/controllers/good_memories_controller.rb:71:in `map'
  Rendering layout layouts/application.html.erb
  Rendering good_memories/months.html.erb within layouts/application
  Rendered good_memories/months.html.erb within layouts/application (Duration: 1.2ms | Allocations: 415)
  Rendered layout layouts/application.html.erb (Duration: 4.4ms | Allocations: 2453)
Completed 200 OK in 11ms (Views: 5.0ms | ActiveRecord: 2.0ms | Allocations: 3458)


Started GET "/monthly/2025/7" for ::1 at 2025-07-07 08:39:22 +0900
Processing by GoodMemoriesController#monthly as HTML
  Parameters: {"year"=>"2025", "month"=>"7"}
  Rendering layout layouts/application.html.erb
  Rendering good_memories/monthly.html.erb within layouts/application
  [1m[36mGoodMemory Load (0.8ms)[0m  [1m[34mSELECT "good_memories".* FROM "good_memories" WHERE (EXTRACT(YEAR FROM date) = 2025 AND EXTRACT(MONTH FROM date) = 7) ORDER BY "good_memories"."date" DESC[0m
  â†³ app/views/good_memories/monthly.html.erb:4
  Rendered good_memories/monthly.html.erb within layouts/application (Duration: 3.8ms | Allocations: 923)
  Rendered layout layouts/application.html.erb (Duration: 7.8ms | Allocations: 2957)
Completed 200 OK in 10ms (Views: 7.6ms | ActiveRecord: 0.8ms | Allocations: 3394)


Started GET "/" for ::1 at 2025-07-07 08:39:27 +0900
Processing by GoodMemoriesController#index as HTML
  [1m[36mGoodMemory Count (0.6ms)[0m  [1m[34mSELECT COUNT(*) FROM "good_memories"[0m
  â†³ app/controllers/good_memories_controller.rb:6:in `index'
  [1m[36mGoodMemory Count (0.3ms)[0m  [1m[34mSELECT COUNT(*) FROM "good_memories" WHERE "good_memories"."date" BETWEEN $1 AND $2[0m  [["date", "2025-07-01"], ["date", "2025-07-31"]]
  â†³ app/controllers/good_memories_controller.rb:7:in `index'
  [1m[36mGoodMemory Load (0.2ms)[0m  [1m[34mSELECT "good_memories".* FROM "good_memories" WHERE "good_memories"."date" = $1 LIMIT $2[0m  [["date", "2025-07-06"], ["LIMIT", 1]]
  â†³ app/controllers/good_memories_controller.rb:10:in `index'
  Rendering layout layouts/application.html.erb
  Rendering good_memories/index.html.erb within layouts/application
  [1m[36mGoodMemory Load (0.3ms)[0m  [1m[34mSELECT "good_memories".* FROM "good_memories" ORDER BY "good_memories"."date" DESC LIMIT $1[0m  [["LIMIT", 10]]
  â†³ app/views/good_memories/index.html.erb:44
  Rendered good_memories/index.html.erb within layouts/application (Duration: 5.1ms | Allocations: 2217)
  Rendered layout layouts/application.html.erb (Duration: 7.7ms | Allocations: 3859)
Completed 200 OK in 14ms (Views: 8.1ms | ActiveRecord: 1.4ms | Allocations: 5549)


Started GET "/" for 127.0.0.1 at 2025-07-07 08:40:34 +0900
  [1m[36mActiveRecord::SchemaMigration Load (0.9ms)[0m  [1m[34mSELECT "schema_migrations"."version" FROM "schema_migrations" ORDER BY "schema_migrations"."version" ASC[0m
Processing by GoodMemoriesController#index as HTML
  [1m[36mGoodMemory Count (0.6ms)[0m  [1m[34mSELECT COUNT(*) FROM "good_memories"[0m
  â†³ app/controllers/good_memories_controller.rb:6:in `index'
  [1m[36mGoodMemory Count (0.3ms)[0m  [1m[34mSELECT COUNT(*) FROM "good_memories" WHERE "good_memories"."date" BETWEEN $1 AND $2[0m  [["date", "2025-07-01"], ["date", "2025-07-31"]]
  â†³ app/controllers/good_memories_controller.rb:7:in `index'
  [1m[36mGoodMemory Load (0.1ms)[0m  [1m[34mSELECT "good_memories".* FROM "good_memories" WHERE "good_memories"."date" = $1 LIMIT $2[0m  [["date", "2025-07-06"], ["LIMIT", 1]]
  â†³ app/controllers/good_memories_controller.rb:10:in `index'
  Rendering layout layouts/application.html.erb
  Rendering good_memories/index.html.erb within layouts/application
  [1m[36mGoodMemory Load (0.2ms)[0m  [1m[34mSELECT "good_memories".* FROM "good_memories" ORDER BY "good_memories"."date" DESC LIMIT $1[0m  [["LIMIT", 10]]
  â†³ app/views/good_memories/index.html.erb:44
  Rendered good_memories/index.html.erb within layouts/application (Duration: 4.2ms | Allocations: 3960)
  Rendered layout layouts/application.html.erb (Duration: 18.3ms | Allocations: 41193)
Completed 200 OK in 50ms (Views: 19.3ms | ActiveRecord: 12.6ms | Allocations: 64738)


Started GET "/" for ::1 at 2025-07-07 08:42:42 +0900
  [1m[36mActiveRecord::SchemaMigration Load (0.9ms)[0m  [1m[34mSELECT "schema_migrations"."version" FROM "schema_migrations" ORDER BY "schema_migrations"."version" ASC[0m
Processing by GoodMemoriesController#index as HTML
  [1m[36mGoodMemory Count (0.5ms)[0m  [1m[34mSELECT COUNT(*) FROM "good_memories"[0m
  â†³ app/controllers/good_memories_controller.rb:6:in `index'
  [1m[36mGoodMemory Count (0.2ms)[0m  [1m[34mSELECT COUNT(*) FROM "good_memories" WHERE "good_memories"."date" BETWEEN $1 AND $2[0m  [["date", "2025-07-01"], ["date", "2025-07-31"]]
  â†³ app/controllers/good_memories_controller.rb:7:in `index'
  [1m[36mGoodMemory Load (0.1ms)[0m  [1m[34mSELECT "good_memories".* FROM "good_memories" WHERE "good_memories"."date" = $1 LIMIT $2[0m  [["date", "2025-07-06"], ["LIMIT", 1]]
  â†³ app/controllers/good_memories_controller.rb:10:in `index'
  Rendering layout layouts/application.html.erb
  Rendering good_memories/index.html.erb within layouts/application
  [1m[36mGoodMemory Load (0.3ms)[0m  [1m[34mSELECT "good_memories".* FROM "good_memories" ORDER BY "good_memories"."date" DESC LIMIT $1[0m  [["LIMIT", 10]]
  â†³ app/views/good_memories/index.html.erb:45
  Rendered good_memories/index.html.erb within layouts/application (Duration: 6.8ms | Allocations: 5311)
  Rendered layout layouts/application.html.erb (Duration: 25.8ms | Allocations: 49055)
Completed 200 OK in 59ms (Views: 26.9ms | ActiveRecord: 13.7ms | Allocations: 72599)


Started GET "/" for 127.0.0.1 at 2025-07-07 08:42:47 +0900
Processing by GoodMemoriesController#index as HTML
  [1m[36mGoodMemory Count (1.2ms)[0m  [1m[34mSELECT COUNT(*) FROM "good_memories"[0m
  â†³ app/controllers/good_memories_controller.rb:6:in `index'
  [1m[36mGoodMemory Count (0.4ms)[0m  [1m[34mSELECT COUNT(*) FROM "good_memories" WHERE "good_memories"."date" BETWEEN $1 AND $2[0m  [["date", "2025-07-01"], ["date", "2025-07-31"]]
  â†³ app/controllers/good_memories_controller.rb:7:in `index'
  [1m[36mGoodMemory Load (0.2ms)[0m  [1m[34mSELECT "good_memories".* FROM "good_memories" WHERE "good_memories"."date" = $1 LIMIT $2[0m  [["date", "2025-07-06"], ["LIMIT", 1]]
  â†³ app/controllers/good_memories_controller.rb:10:in `index'
  Rendering layout layouts/application.html.erb
  Rendering good_memories/index.html.erb within layouts/application
  [1m[36mGoodMemory Load (0.4ms)[0m  [1m[34mSELECT "good_memories".* FROM "good_memories" ORDER BY "good_memories"."date" DESC LIMIT $1[0m  [["LIMIT", 10]]
  â†³ app/views/good_memories/index.html.erb:45
  Rendered good_memories/index.html.erb within layouts/application (Duration: 5.1ms | Allocations: 2024)
  Rendered layout layouts/application.html.erb (Duration: 7.6ms | Allocations: 3666)
Completed 200 OK in 16ms (Views: 8.1ms | ActiveRecord: 2.1ms | Allocations: 5362)


Started GET "/" for ::1 at 2025-07-07 08:55:56 +0900
  [1m[36mActiveRecord::SchemaMigration Load (0.8ms)[0m  [1m[34mSELECT "schema_migrations"."version" FROM "schema_migrations" ORDER BY "schema_migrations"."version" ASC[0m
Processing by GoodMemoriesController#index as HTML
  [1m[36mGoodMemory Count (0.4ms)[0m  [1m[34mSELECT COUNT(*) FROM "good_memories"[0m
  â†³ app/controllers/good_memories_controller.rb:6:in `index'
  [1m[36mGoodMemory Count (0.4ms)[0m  [1m[34mSELECT COUNT(*) FROM "good_memories" WHERE "good_memories"."date" BETWEEN $1 AND $2[0m  [["date", "2025-07-01"], ["date", "2025-07-31"]]
  â†³ app/controllers/good_memories_controller.rb:7:in `index'
  [1m[36mGoodMemory Load (0.1ms)[0m  [1m[34mSELECT "good_memories".* FROM "good_memories" WHERE "good_memories"."date" = $1 LIMIT $2[0m  [["date", "2025-07-06"], ["LIMIT", 1]]
  â†³ app/controllers/good_memories_controller.rb:10:in `index'
  Rendering layout layouts/application.html.erb
  Rendering good_memories/index.html.erb within layouts/application
  [1m[36mGoodMemory Load (0.3ms)[0m  [1m[34mSELECT "good_memories".* FROM "good_memories" ORDER BY "good_memories"."date" DESC LIMIT $1[0m  [["LIMIT", 10]]
  â†³ app/views/good_memories/index.html.erb:45
  Rendered good_memories/index.html.erb within layouts/application (Duration: 24.6ms | Allocations: 5314)
  Rendered layout layouts/application.html.erb (Duration: 50.5ms | Allocations: 42101)
Completed 200 OK in 106ms (Views: 60.7ms | ActiveRecord: 11.1ms | Allocations: 65647)


